2024-12-02 12:20:38,095 - INFO - Initializing database...
2024-12-02 12:20:38,099 - INFO - Table 'devices' created or verified.
2024-12-02 12:20:38,099 - INFO - Default devices inserted.
2024-12-02 12:20:38,100 - INFO - Server is running on 127.0.0.1:12345
2024-12-02 12:20:48,309 - INFO - New connection from ('127.0.0.1', 61038)
2024-12-02 12:20:53,208 - INFO - Received encrypted message: CUivN2ucwx/Z0yyFtentxQPx9VfctU9mv5/AUYrqrsE=
2024-12-02 12:20:53,208 - INFO - Received command: light on 
2024-12-02 12:20:53,208 - INFO - Parsed device: 'light', action: 'on'
2024-12-02 12:20:53,210 - INFO - Fetched state for device 'light': ('on', None)
2024-12-02 12:20:53,211 - INFO - Updated device 'light' to state 'on' with temperature 'None'.
2024-12-02 12:20:53,215 - INFO - Sent response: light is now on
2024-12-02 12:20:55,866 - INFO - Received encrypted message: eNnRio6KY5BeqVaInCIOnK1HZbgHpmfSWIPAkexkwV4=
2024-12-02 12:20:55,866 - INFO - Received command: light off 
2024-12-02 12:20:55,866 - INFO - Parsed device: 'light', action: 'off'
2024-12-02 12:20:55,868 - INFO - Fetched state for device 'light': ('on', None)
2024-12-02 12:20:55,880 - INFO - Updated device 'light' to state 'off' with temperature 'None'.
2024-12-02 12:20:55,881 - INFO - Sent response: light is now off
2024-12-02 12:21:00,339 - INFO - Received encrypted message: yF37lS+GTzrqPvCCSyQQIgjYf+Bj5zNormkknbDVN50=
2024-12-02 12:21:00,340 - INFO - Received command: exit 
2024-12-02 12:21:00,341 - INFO - Parsed device: 'exit', action: ''
2024-12-02 12:21:00,341 - WARNING - Invalid action: 
2024-12-02 12:21:00,341 - INFO - Sent response: Invalid command. Use 'help' for a list of valid commands.
2024-12-02 12:22:09,374 - INFO - Initializing database...
2024-12-02 12:22:09,375 - INFO - Table 'devices' created or verified.
2024-12-02 12:22:09,375 - INFO - Default devices inserted.
2024-12-02 12:22:22,720 - INFO - Initializing database...
2024-12-02 12:22:22,721 - INFO - Table 'devices' created or verified.
2024-12-02 12:22:22,722 - INFO - Default devices inserted.
2024-12-02 12:22:22,723 - INFO - Server is running on 127.0.0.1:12345
2024-12-02 12:22:32,191 - INFO - New connection from ('127.0.0.1', 61081)
2024-12-02 12:22:37,792 - INFO - Received encrypted message: KpDbv/2caw8Jo+oYByms9TJzvrvvR/qMe5bScIW4ut0=
2024-12-02 12:22:37,793 - INFO - Received command: fan on 
2024-12-02 12:22:37,793 - INFO - Parsed device: 'fan', action: 'on'
2024-12-02 12:22:37,795 - INFO - Fetched state for device 'fan': ('off', None)
2024-12-02 12:22:37,804 - INFO - Updated device 'fan' to state 'on' with temperature 'None'.
2024-12-02 12:22:37,805 - INFO - Sent response: fan is now on
2024-12-02 12:22:39,503 - INFO - Received encrypted message: 98khi2P5QPrUK3fZ0PAnmfqWMR/3R+KLOWgym1Xcddk=
2024-12-02 12:22:39,504 - INFO - Received command: exit 
2024-12-02 12:22:39,504 - INFO - Parsed device: 'exit', action: ''
2024-12-02 12:22:39,505 - WARNING - Invalid action: 
2024-12-02 12:22:39,505 - INFO - Sent response: Invalid command. Use 'help' for a list of valid commands.
2024-12-02 12:53:16,000 - INFO - Initializing database...
2024-12-02 12:54:38,570 - INFO - Initializing database...
2024-12-02 12:54:38,586 - INFO - Tables 'users' and 'devices' created or verified.
2024-12-02 12:54:38,680 - INFO - Default devices and users inserted.
2024-12-02 12:54:38,682 - INFO - Server is running on 127.0.0.1:12345
2024-12-02 12:55:52,575 - INFO - Initializing database...
2024-12-02 12:55:52,576 - INFO - Tables 'users' and 'devices' created or verified.
2024-12-02 12:55:52,654 - INFO - Default devices and users inserted.
2024-12-02 12:55:52,655 - INFO - Server is running on 127.0.0.1:12345
2024-12-02 12:55:58,292 - INFO - New connection from ('127.0.0.1', 61797)
2024-12-02 12:56:43,294 - INFO - Authentication attempt: AUTH testuser tesetpassword
2024-12-02 12:56:43,377 - WARNING - User 'testuser' failed authentication.
2024-12-02 12:56:43,378 - INFO - Connection with ('127.0.0.1', 61797) closed.
2024-12-02 13:03:49,507 - INFO - Initializing database...
2024-12-02 13:03:49,509 - INFO - Tables 'users' and 'devices' created or verified.
2024-12-02 13:03:49,595 - INFO - Default devices and users inserted.
2024-12-02 13:03:49,596 - INFO - Server is running on 127.0.0.1:12345
2024-12-02 13:03:55,462 - INFO - New connection from ('127.0.0.1', 61925)
2024-12-02 13:04:03,583 - INFO - Authentication attempt: AUTH testuser testpassword
2024-12-02 13:04:03,665 - INFO - User 'testuser' authenticated.
2024-12-02 13:10:11,056 - INFO - Initializing database...
2024-12-02 13:10:11,058 - INFO - Tables 'users' and 'devices' created or verified.
2024-12-02 13:10:11,148 - INFO - Default devices and users inserted.
2024-12-02 13:10:11,150 - INFO - Server is running on 127.0.0.1:12345
2024-12-02 13:10:18,276 - INFO - New connection from ('127.0.0.1', 62039)
2024-12-02 13:10:28,033 - INFO - Authentication attempt: AUTH testuser testpassword
2024-12-02 13:10:28,116 - INFO - User 'testuser' authenticated.
2024-12-02 13:13:14,389 - INFO - Initializing database...
2024-12-02 13:13:14,390 - INFO - Tables 'users' and 'devices' created or verified.
2024-12-02 13:13:14,475 - INFO - Default devices and users inserted.
2024-12-02 13:13:14,475 - INFO - Server is running on 127.0.0.1:12345
2024-12-02 13:13:22,031 - INFO - New connection from ('127.0.0.1', 62079)
2024-12-02 13:13:31,182 - INFO - Authentication attempt: AUTH testuser testpassword
2024-12-02 13:13:31,263 - INFO - User 'testuser' authenticated.
2024-12-02 13:13:34,351 - INFO - Received command: fan on 
2024-12-02 13:13:34,352 - INFO - Device name: fan, Action: on
2024-12-02 13:13:37,630 - INFO - Received command: fan off 
2024-12-02 13:13:37,631 - INFO - Device name: fan, Action: off
2024-12-02 13:13:41,501 - INFO - Received command: light on
2024-12-02 13:13:41,502 - INFO - Device name: light, Action: on
2024-12-02 13:14:15,108 - INFO - Received command: thermostat off
2024-12-02 13:14:15,110 - INFO - Device name: thermostat, Action: off
2024-12-02 13:14:31,039 - INFO - Received command: thermostat set 34
2024-12-02 13:14:31,040 - INFO - Device name: thermostat, Action: set
2024-12-02 13:14:59,720 - INFO - Initializing database...
2024-12-02 13:14:59,721 - INFO - Tables 'users' and 'devices' created or verified.
2024-12-02 13:14:59,813 - INFO - Default devices and users inserted.
2024-12-02 13:14:59,814 - INFO - Server is running on 127.0.0.1:12345
2024-12-02 13:15:05,634 - INFO - New connection from ('127.0.0.1', 62122)
2024-12-02 13:15:14,407 - INFO - Authentication attempt: AUTH testuser testpassword
2024-12-02 13:15:14,490 - INFO - User 'testuser' authenticated.
2024-12-02 13:15:19,881 - INFO - Received command: fan on 
2024-12-02 13:15:19,882 - INFO - Device name: fan, Action: on
2024-12-02 13:15:38,460 - INFO - Received command: thermostat set 45
2024-12-02 13:15:38,461 - INFO - Device name: thermostat, Action: set
2024-12-06 16:55:41,554 - INFO - Initializing database...
2024-12-06 16:55:41,557 - INFO - Tables 'users' and 'devices' created or verified.
2024-12-06 16:55:41,616 - INFO - Default devices and users inserted.
2024-12-06 16:55:41,617 - INFO - Server is running on 127.0.0.1:12345
2024-12-06 16:55:49,678 - INFO - New connection from ('127.0.0.1', 52303)
2024-12-06 16:56:02,625 - INFO - Authentication attempt: AUTH testuser testpassword
2024-12-06 16:56:02,680 - INFO - User 'testuser' authenticated.
2024-12-06 16:56:08,754 - INFO - Received command: light on
2024-12-06 16:56:08,754 - INFO - Device name: light, Action: on
2024-12-06 16:56:13,673 - INFO - Received command: light off
2024-12-06 16:56:13,673 - INFO - Device name: light, Action: off
2024-12-06 16:56:47,910 - INFO - Received command: light on
2024-12-06 16:56:47,910 - INFO - Device name: light, Action: on
2024-12-06 16:57:04,990 - INFO - Received command: thermostat set 224
2024-12-06 16:57:04,991 - INFO - Device name: thermostat, Action: set
2024-12-06 16:57:15,262 - INFO - Received command: quit 
2024-12-06 16:57:15,263 - INFO - Device name: quit, Action: 
2024-12-06 17:11:04,957 - INFO - Initializing database...
2024-12-06 17:11:04,958 - INFO - Tables 'users' and 'devices' created or verified.
2024-12-07 14:42:32,692 - INFO - Initializing database...
2024-12-07 14:42:32,697 - INFO - Tables 'users' and 'devices' created or verified.
2024-12-07 14:44:48,495 - INFO - Initializing database...
2024-12-07 14:44:48,496 - INFO - Tables 'users' and 'devices' created or verified.
2024-12-07 14:45:47,729 - INFO - Initializing database...
2024-12-07 14:45:47,731 - INFO - Tables 'users' and 'devices' created or verified.
2024-12-07 14:46:02,679 - INFO - Initializing database...
2024-12-07 14:46:02,680 - INFO - Tables 'users' and 'devices' created or verified.
2024-12-07 14:48:56,789 - INFO - Initializing database...
2024-12-07 14:48:56,790 - INFO - Tables 'users' and 'devices' created or verified.
2024-12-07 14:49:08,169 - INFO - Initializing database...
2024-12-07 14:49:08,170 - INFO - Tables 'users' and 'devices' created or verified.
2024-12-07 14:49:29,577 - INFO - Devices table altered to include new columns.
2024-12-07 14:49:29,580 - INFO - Initializing database...
2024-12-07 14:49:29,581 - INFO - Tables 'users' and 'devices' created or verified.
2024-12-07 14:49:29,670 - INFO - Default devices and users inserted.
2024-12-07 14:52:22,350 - INFO - Initializing database...
2024-12-07 14:52:22,352 - INFO - Schema already up-to-date or error: duplicate column name: speed
2024-12-07 14:52:22,352 - INFO - Tables 'users' and 'devices' created or verified.
2024-12-07 14:52:22,438 - INFO - Default devices and users inserted.
2024-12-07 14:52:22,439 - INFO - Server is running on 127.0.0.1:12345
2024-12-07 14:52:28,272 - INFO - New connection from ('127.0.0.1', 60886)
2024-12-07 14:52:37,956 - INFO - Authentication attempt: AUTH testuser testpassword
2024-12-07 14:52:38,044 - INFO - User 'testuser' authenticated.
2024-12-07 14:52:42,505 - INFO - Received command: light on 
2024-12-07 14:52:42,506 - INFO - Device name: light, Action: on
2024-12-07 14:52:46,080 - INFO - Received command: light off
2024-12-07 14:52:46,082 - INFO - Device name: light, Action: off
2024-12-07 14:53:28,120 - INFO - Received command: thermostat set 213
2024-12-07 14:53:28,121 - INFO - Device name: thermostat, Action: set
2024-12-07 14:53:34,906 - INFO - Received command: thermostat set to 343
2024-12-07 14:53:34,908 - INFO - Device name: thermostat, Action: set
2024-12-07 14:53:43,741 - INFO - Received command: thermostat get34
2024-12-07 14:53:43,741 - INFO - Device name: thermostat, Action: get34
2024-12-07 14:53:48,999 - INFO - Received command: thermostat get 34
2024-12-07 14:53:48,999 - INFO - Device name: thermostat, Action: get
2024-12-07 14:53:57,529 - INFO - Received command: thermostat get
2024-12-07 14:53:57,529 - INFO - Device name: thermostat, Action: get
2024-12-07 14:54:08,051 - INFO - Received command: thermostat set 467
2024-12-07 14:54:08,052 - INFO - Device name: thermostat, Action: set
2024-12-07 14:54:18,825 - INFO - Received command: fan off
2024-12-07 14:54:18,826 - INFO - Device name: fan, Action: off
2024-12-07 14:54:36,711 - INFO - Received command: fan get
2024-12-07 14:54:36,712 - INFO - Device name: fan, Action: get
2024-12-07 14:54:44,046 - INFO - Received command: fan medium 
2024-12-07 14:54:44,047 - INFO - Device name: fan, Action: medium
2024-12-07 14:54:49,549 - INFO - Received command: fan high
2024-12-07 14:54:49,549 - INFO - Device name: fan, Action: high
2024-12-07 14:55:07,293 - INFO - Received command: smart lock lock
2024-12-07 14:55:07,294 - INFO - Device name: smart lock, Action: lock
2024-12-07 14:55:14,321 - INFO - Received command: samrt lock 10
2024-12-07 14:55:14,321 - INFO - Device name: samrt, Action: lock
2024-12-07 14:55:19,701 - INFO - Received command: smart lock 18
2024-12-07 14:55:19,702 - INFO - Device name: smart lock, Action: 18
2024-12-07 14:55:29,746 - INFO - Received command: smart lock lock 13
2024-12-07 14:55:29,747 - INFO - Device name: smart lock, Action: lock
2024-12-07 14:55:41,805 - INFO - Received command: smart lock lock 12:22 PM
2024-12-07 14:55:41,806 - INFO - Device name: smart lock, Action: lock
2024-12-07 14:55:52,645 - INFO - Received command: smart lock lock 22:44
2024-12-07 14:55:52,646 - INFO - Device name: smart lock, Action: lock
2024-12-07 14:56:51,800 - INFO - Received command: speaker on 
2024-12-07 14:56:51,801 - INFO - Device name: speaker, Action: on
2024-12-07 14:57:01,884 - INFO - Received command: speaker play Country Roads 
2024-12-07 14:57:01,884 - INFO - Device name: speaker, Action: play
2024-12-07 14:57:20,554 - INFO - Received command: Speaker play hotel california
2024-12-07 14:57:20,554 - INFO - Device name: speaker, Action: play
2024-12-07 14:57:29,772 - INFO - Received command: exit 
2024-12-07 14:57:29,772 - INFO - Device name: exit, Action: 
2024-12-07 15:00:25,431 - INFO - Initializing database...
2024-12-07 15:00:25,432 - INFO - Schema already up-to-date or error: duplicate column name: speed
2024-12-07 15:00:25,432 - INFO - Tables 'users' and 'devices' created or verified.
2024-12-07 15:00:25,520 - INFO - Default devices and users inserted.
2024-12-07 15:00:25,520 - INFO - Server is running on 127.0.0.1:12345
2024-12-07 15:00:30,014 - INFO - New connection from ('127.0.0.1', 61199)
2024-12-07 15:00:38,226 - INFO - Authentication attempt: AUTH testuser testpassword 
2024-12-07 15:00:38,226 - ERROR - Error handling client ('127.0.0.1', 61199): too many values to unpack (expected 3)
2024-12-07 15:00:38,227 - INFO - Connection with ('127.0.0.1', 61199) closed.
2024-12-07 15:01:12,879 - INFO - Initializing database...
2024-12-07 15:01:12,881 - INFO - Schema already up-to-date or error: duplicate column name: speed
2024-12-07 15:01:12,881 - INFO - Tables 'users' and 'devices' created or verified.
2024-12-07 15:01:12,987 - INFO - Default devices and users inserted.
2024-12-07 15:01:12,989 - INFO - Server is running on 127.0.0.1:12345
2024-12-07 15:01:15,990 - INFO - New connection from ('127.0.0.1', 61226)
2024-12-07 15:01:23,784 - INFO - Authentication attempt: AUTH testuser testpassword
2024-12-07 15:01:23,869 - INFO - User 'testuser' authenticated.
2024-12-07 15:01:27,864 - INFO - Received command: smart lock lock 10:30PM
2024-12-07 15:01:27,865 - INFO - Device name: smart lock, Action: lock
2024-12-07 15:03:36,320 - INFO - Initializing database...
2024-12-07 15:03:36,322 - INFO - Schema already up-to-date or error: duplicate column name: speed
2024-12-07 15:03:36,323 - INFO - Tables 'users' and 'devices' created or verified.
2024-12-07 15:03:36,411 - INFO - Default devices and users inserted.
2024-12-07 15:03:36,412 - INFO - Server is running on 127.0.0.1:12345
2024-12-07 15:03:40,685 - INFO - New connection from ('127.0.0.1', 61318)
2024-12-07 15:03:55,115 - INFO - Authentication attempt: AUTH testuser testpassword
2024-12-07 15:03:55,199 - INFO - User 'testuser' authenticated.
2024-12-07 15:04:04,156 - INFO - Received command: smart lock lock 10:30PM
2024-12-07 15:04:04,156 - INFO - Device name: smart lock, Action: lock
2024-12-07 15:04:31,619 - INFO - Received command: smart lock lock 4:30 am
2024-12-07 15:04:31,619 - INFO - Device name: smart lock, Action: lock
2024-12-07 15:04:33,520 - INFO - Received command: 
2024-12-07 15:04:33,520 - INFO - Device name: , Action: None
2024-12-07 15:05:55,536 - INFO - Received command: fan medium 
2024-12-07 15:05:55,536 - INFO - Device name: fan, Action: medium
2024-12-07 15:06:40,690 - INFO - Received command: thermostat set 200
2024-12-07 15:06:40,690 - INFO - Device name: thermostat, Action: set
2024-12-07 15:08:12,011 - INFO - Received command: thermostat get
2024-12-07 15:08:12,013 - INFO - Device name: thermostat, Action: get
2024-12-07 15:09:20,527 - INFO - Received command: speaker play violet
2024-12-07 15:09:20,527 - INFO - Device name: speaker, Action: play
2024-12-07 15:09:39,650 - INFO - Initializing database...
2024-12-07 15:09:39,652 - INFO - Schema already up-to-date or error: duplicate column name: speed
2024-12-07 15:09:39,653 - INFO - Tables 'users' and 'devices' created or verified.
2024-12-07 15:09:39,740 - INFO - Default devices and users inserted.
2024-12-07 15:09:39,741 - INFO - Server is running on 127.0.0.1:12345
2024-12-07 15:09:45,220 - INFO - New connection from ('127.0.0.1', 61467)
2024-12-07 15:09:51,249 - INFO - Authentication attempt: AUTH testuser testpassword
2024-12-07 15:09:51,335 - INFO - User 'testuser' authenticated.
2024-12-07 15:12:30,240 - INFO - Initializing database...
2024-12-07 15:12:30,241 - INFO - Schema already up-to-date or error: duplicate column name: speed
2024-12-07 15:12:30,241 - INFO - Tables 'users' and 'devices' created or verified.
2024-12-07 15:12:30,335 - INFO - Default devices and users inserted.
2024-12-07 15:12:30,336 - INFO - Server is running on 127.0.0.1:12345
2024-12-07 15:12:34,780 - INFO - New connection from ('127.0.0.1', 61571)
2024-12-07 15:12:38,301 - INFO - Authentication attempt: AUTH bob bob
2024-12-07 15:12:38,386 - INFO - User 'bob' authenticated.
2024-12-07 15:16:44,731 - INFO - Initializing database...
2024-12-07 15:16:44,734 - INFO - Schema already up-to-date or error: duplicate column name: speed
2024-12-07 15:16:44,735 - INFO - Tables 'users' and 'devices' created or verified.
2024-12-07 15:16:44,821 - INFO - Default devices and users inserted.
2024-12-07 15:16:44,822 - INFO - Server is running on 127.0.0.1:12345
2024-12-07 15:16:58,114 - INFO - New connection from ('127.0.0.1', 61695)
2024-12-07 15:17:03,087 - INFO - Authentication attempt: AUTH bob bob
2024-12-07 15:17:03,172 - INFO - User 'bob' authenticated.
2024-12-07 15:29:59,092 - INFO - Initializing database...
2024-12-07 15:29:59,093 - INFO - Schema already up-to-date or error: duplicate column name: speed
2024-12-07 15:29:59,094 - INFO - Tables 'users' and 'devices' created or verified.
2024-12-07 15:29:59,181 - INFO - Default devices and users inserted.
2024-12-07 15:29:59,182 - INFO - Server is running on 127.0.0.1:12345
2024-12-07 15:30:14,839 - INFO - Initializing database...
2024-12-07 15:30:14,841 - INFO - Schema already up-to-date or error: duplicate column name: speed
2024-12-07 15:30:14,842 - INFO - Tables 'users' and 'devices' created or verified.
2024-12-07 15:30:14,931 - INFO - Default devices and users inserted.
2024-12-07 15:30:14,932 - INFO - Server is running on 127.0.0.1:12345
2024-12-07 15:30:20,199 - INFO - New connection from ('127.0.0.1', 61930)
2024-12-07 15:30:26,605 - INFO - Authentication attempt: AUTH bob bob
2024-12-07 15:30:26,689 - INFO - User 'bob' authenticated.
2024-12-07 15:35:28,285 - INFO - Initializing database...
2024-12-07 15:35:28,286 - INFO - Schema already up-to-date or error: duplicate column name: speed
2024-12-07 15:35:28,287 - INFO - Tables 'users' and 'devices' created or verified.
2024-12-07 15:35:28,371 - INFO - Default devices and users inserted.
2024-12-07 15:35:28,373 - INFO - Server is running on 127.0.0.1:12345
2024-12-07 15:48:16,991 - INFO - Initializing database...
2024-12-07 15:48:16,993 - INFO - Schema already up-to-date or error: duplicate column name: speed
2024-12-07 15:48:16,994 - INFO - Tables 'users' and 'devices' created or verified.
2024-12-07 15:48:16,994 - INFO - Generated password: tfO3p9dsrtarkwsoe5bdRs31
2024-12-07 15:48:17,085 - INFO - Default devices and users inserted.
2024-12-07 15:48:17,086 - INFO - Server is running on 127.0.0.1:12345
2024-12-07 15:48:29,589 - INFO - New connection from ('127.0.0.1', 62304)
2024-12-07 15:48:34,630 - INFO - Authentication attempt: AUTH bob tfO3p9dsrtarkwsoe5bdRs31
2024-12-07 15:48:34,714 - WARNING - User 'bob' failed authentication.
2024-12-07 15:48:34,716 - INFO - Connection with ('127.0.0.1', 62304) closed.
2024-12-07 15:49:03,764 - INFO - Initializing database...
2024-12-07 15:49:03,766 - INFO - Schema already up-to-date or error: duplicate column name: speed
2024-12-07 15:49:03,766 - INFO - Tables 'users' and 'devices' created or verified.
2024-12-07 15:49:03,767 - INFO - Generated password: RhrsitpQ3ssfkdeFusa&Kwto
2024-12-07 15:49:03,850 - INFO - Default devices and users inserted.
2024-12-07 15:49:03,851 - INFO - Server is running on 127.0.0.1:12345
2024-12-07 15:49:26,899 - INFO - New connection from ('127.0.0.1', 62322)
2024-12-07 15:49:44,469 - INFO - Authentication attempt: AUTH testuser RhrsitpQ3ssfkdeFusa&Kwto
2024-12-07 15:49:44,599 - WARNING - User 'testuser' failed authentication.
2024-12-07 15:49:44,600 - INFO - Connection with ('127.0.0.1', 62322) closed.
2024-12-07 15:51:07,667 - INFO - Initializing database...
2024-12-07 15:51:07,669 - INFO - Schema already up-to-date or error: duplicate column name: speed
2024-12-07 15:51:07,669 - INFO - Tables 'users' and 'devices' created or verified.
2024-12-07 15:51:07,670 - INFO - Generated password: wd7tsTrorysbqsp6Eatx4Cze
2024-12-07 15:51:07,751 - INFO - Default devices and users inserted.
2024-12-07 15:51:07,753 - INFO - Server is running on 127.0.0.1:12345
2024-12-07 15:51:17,966 - INFO - New connection from ('127.0.0.1', 62373)
2024-12-07 15:51:21,930 - INFO - Authentication attempt: AUTH bob wd7tsTrorysbqsp6Eatx4Cze
2024-12-07 15:51:22,018 - WARNING - User 'bob' failed authentication.
2024-12-07 15:51:22,019 - INFO - Connection with ('127.0.0.1', 62373) closed.
2024-12-07 15:51:37,849 - INFO - Initializing database...
2024-12-07 15:51:37,852 - INFO - Schema already up-to-date or error: duplicate column name: speed
2024-12-07 15:51:37,852 - INFO - Tables 'users' and 'devices' created or verified.
2024-12-07 15:51:37,853 - INFO - Generated password: BaPposXZrew*@ttaBst$osdx
2024-12-07 15:51:37,942 - INFO - Default devices and users inserted.
2024-12-07 15:51:37,944 - INFO - Server is running on 127.0.0.1:12345
2024-12-07 15:51:49,884 - INFO - New connection from ('127.0.0.1', 62385)
2024-12-07 15:51:56,791 - INFO - Authentication attempt: AUTH testuser BaPposXZrew*@ttaBst$osdx
2024-12-07 15:51:56,876 - WARNING - User 'testuser' failed authentication.
2024-12-07 15:51:56,878 - INFO - Connection with ('127.0.0.1', 62385) closed.
2024-12-07 15:53:52,385 - INFO - Initializing database...
2024-12-07 15:53:52,387 - INFO - Schema already up-to-date or error: duplicate column name: speed
2024-12-07 15:53:52,387 - INFO - Tables 'users' and 'devices' created or verified.
2024-12-07 15:53:52,388 - INFO - Generated password: esatRiQdp&t0W^Awos4YrsRb
2024-12-07 15:53:52,474 - INFO - Hashed password: $argon2id$v=19$m=65536,t=3,p=4$ubCE0BQui+MMnA6puZxtlg$CD3ziB0ftqv5HE4P+QKzWeRiF+Zr1MFSmh7g1BG1+/0
2024-12-07 15:53:52,476 - INFO - Default devices and users inserted.
2024-12-07 15:53:52,476 - INFO - Server is running on 127.0.0.1:12345
2024-12-07 15:54:00,625 - INFO - New connection from ('127.0.0.1', 62425)
2024-12-07 15:54:54,690 - INFO - Authentication attempt: AUTH bob esatRiQdp&t0W^Awos4YrsRb
2024-12-07 15:54:54,775 - WARNING - User 'bob' failed authentication.
2024-12-07 15:54:54,776 - INFO - Connection with ('127.0.0.1', 62425) closed.
2024-12-07 15:55:05,394 - INFO - Initializing database...
2024-12-07 15:55:05,395 - INFO - Schema already up-to-date or error: duplicate column name: speed
2024-12-07 15:55:05,396 - INFO - Tables 'users' and 'devices' created or verified.
2024-12-07 15:55:05,396 - INFO - Generated password: 8wZf@aetpRs!gtMs(oBdsprn
2024-12-07 15:55:05,484 - INFO - Hashed password: $argon2id$v=19$m=65536,t=3,p=4$fDlMVXJA6QCDecRyGIW3JQ$fmqa8kb7INqaPeMTxRf91mV6cksDN5M/51GIYkiZNwE
2024-12-07 15:55:05,485 - INFO - Default devices and users inserted.
2024-12-07 15:55:05,486 - INFO - Server is running on 127.0.0.1:12345
2024-12-07 15:55:09,637 - INFO - New connection from ('127.0.0.1', 62443)
2024-12-07 15:55:30,451 - INFO - Authentication attempt: AUTH testuser 8wZf@aetpRs!gtMs(oBdsprn
2024-12-07 15:55:30,538 - WARNING - User 'testuser' failed authentication.
2024-12-07 15:55:30,539 - INFO - Connection with ('127.0.0.1', 62443) closed.
2024-12-07 15:57:51,880 - INFO - Initializing database...
2024-12-07 15:57:51,882 - INFO - Schema already up-to-date or error: duplicate column name: speed
2024-12-07 15:57:51,883 - INFO - Tables 'users' and 'devices' created or verified.
2024-12-07 15:57:51,883 - INFO - Generated password: )4ggnsps*ptawt8sAQrXelod
2024-12-07 15:57:51,975 - INFO - Hashed password: $argon2id$v=19$m=65536,t=3,p=4$m6GzLAhmtTKKWX4ZYRtmJA$Xs95B9kLNNT3Bpskmg1SVeeE0L0I1olIuFkXxLdMnkY
2024-12-07 15:57:51,976 - INFO - Default devices and users inserted.
2024-12-07 15:57:51,977 - INFO - Server is running on 127.0.0.1:12345
2024-12-07 15:58:12,525 - INFO - Initializing database...
2024-12-07 15:58:12,528 - INFO - Schema already up-to-date or error: duplicate column name: speed
2024-12-07 15:58:12,529 - INFO - Tables 'users' and 'devices' created or verified.
2024-12-07 15:58:12,529 - INFO - Generated password: owwsLIQahrten!7tWJspxsDd
2024-12-07 15:58:12,616 - INFO - Hashed password: $argon2id$v=19$m=65536,t=3,p=4$bq0g3VVueQSN9AiHYNeMJA$L/szQTJhvszILygx/qtB+ivCoMDnCaqnD/+10rDoFlQ
2024-12-07 15:58:12,617 - INFO - Default devices and users inserted.
2024-12-07 15:58:12,618 - INFO - Server is running on 127.0.0.1:12345
2024-12-07 15:58:19,775 - INFO - New connection from ('127.0.0.1', 62502)
2024-12-07 15:58:32,018 - INFO - Authentication attempt: AUTH testuser owwsLIQahrten!7tWJspxsDd
2024-12-07 15:58:32,019 - INFO - Stored password for testuser: $argon2id$v=19$m=65536,t=3,p=4$fub5bIwK0h06xgNLaNnBiQ$Fx3g73ekCELpByX27V7deGxyoZkj1tyqqXqzZ9MiHNU
2024-12-07 15:58:32,110 - INFO - Password verification failed for testuser.
2024-12-07 15:58:32,111 - WARNING - User 'testuser' failed authentication.
2024-12-07 15:58:32,111 - INFO - Connection with ('127.0.0.1', 62502) closed.
2024-12-07 16:26:38,530 - INFO - Initializing database...
2024-12-07 16:26:38,531 - INFO - Schema already up-to-date or error: duplicate column name: speed
2024-12-07 16:26:38,531 - INFO - Tables 'users' and 'devices' created or verified.
2024-12-07 16:26:38,532 - INFO - Generated password: (thvprdtT@Peasw(swdoaFsM
2024-12-07 16:26:38,614 - INFO - Hashed password: $argon2id$v=19$m=65536,t=3,p=4$S0ECncsAFeRVyTByDba9Sw$ERXG4zDD5d748miMEjmIX3NNX9Pyh4L5L4JkPh/QsBY
2024-12-07 16:26:38,615 - INFO - Default devices and users inserted.
2024-12-07 16:26:38,617 - INFO - Server is running on 127.0.0.1:12345
2024-12-07 16:26:43,339 - INFO - New connection from ('127.0.0.1', 62835)
2024-12-07 16:27:03,788 - INFO - Authentication attempt: AUTH testuser (thvprdtT@Peasw(swdoaFsM
2024-12-07 16:27:03,789 - INFO - [DEBUG] Provided password: (thvprdtT@Peasw(swdoaFsM
2024-12-07 16:27:03,790 - INFO - [DEBUG] Stored password for testuser: $argon2id$v=19$m=65536,t=3,p=4$fub5bIwK0h06xgNLaNnBiQ$Fx3g73ekCELpByX27V7deGxyoZkj1tyqqXqzZ9MiHNU
2024-12-07 16:27:03,884 - WARNING - Password verification failed for testuser.
2024-12-07 16:27:03,884 - WARNING - User 'testuser' failed authentication.
2024-12-07 16:27:03,885 - INFO - Connection with ('127.0.0.1', 62835) closed.
2024-12-07 16:27:15,918 - INFO - Initializing database...
2024-12-07 16:27:15,920 - INFO - Schema already up-to-date or error: duplicate column name: speed
2024-12-07 16:27:15,920 - INFO - Tables 'users' and 'devices' created or verified.
2024-12-07 16:27:15,920 - INFO - Generated password: skrd7dstE!W(awestCo^bo)p
2024-12-07 16:27:16,009 - INFO - Hashed password: $argon2id$v=19$m=65536,t=3,p=4$2rvJsP4UKsjU7oCAnIq7VQ$KEF2hYNfjm7NhGO2oPt0ToGtd/cuH0mr27a6O2N4RgI
2024-12-07 16:27:16,010 - INFO - Default devices and users inserted.
2024-12-07 16:27:16,011 - INFO - Server is running on 127.0.0.1:12345
2024-12-07 16:27:32,721 - INFO - New connection from ('127.0.0.1', 62851)
2024-12-07 16:27:39,495 - INFO - Authentication attempt: AUTH testuser  skrd7dstE!W(awestCo^bo)p
2024-12-07 16:27:39,496 - ERROR - Error handling client ('127.0.0.1', 62851): too many values to unpack (expected 3)
2024-12-07 16:27:39,496 - INFO - Connection with ('127.0.0.1', 62851) closed.
2024-12-07 16:27:51,138 - INFO - Initializing database...
2024-12-07 16:27:51,141 - INFO - Schema already up-to-date or error: duplicate column name: speed
2024-12-07 16:27:51,141 - INFO - Tables 'users' and 'devices' created or verified.
2024-12-07 16:27:51,141 - INFO - Generated password: atqdss@rowUtkoOAcaptise7
2024-12-07 16:27:51,241 - INFO - Hashed password: $argon2id$v=19$m=65536,t=3,p=4$FpgRZARhkVlw9GZeVvMedA$4GqA7/DQO1fUfmA6FXf4hnxSWxUmjbFp3ukWZBRecwk
2024-12-07 16:27:51,242 - INFO - Default devices and users inserted.
2024-12-07 16:27:51,243 - INFO - Server is running on 127.0.0.1:12345
2024-12-07 16:27:59,558 - INFO - New connection from ('127.0.0.1', 62860)
2024-12-07 16:28:07,385 - ERROR - Error handling client ('127.0.0.1', 62860): [WinError 64] The specified network name is no longer available
2024-12-07 16:28:07,385 - INFO - Connection with ('127.0.0.1', 62860) closed.
2024-12-07 16:28:10,344 - INFO - New connection from ('127.0.0.1', 62864)
2024-12-07 16:28:16,294 - INFO - Authentication attempt: AUTH bob atqdss@rowUtkoOAcaptise7
2024-12-07 16:28:16,295 - INFO - [DEBUG] Provided password: atqdss@rowUtkoOAcaptise7
2024-12-07 16:28:16,296 - INFO - [DEBUG] Stored password for bob: $argon2id$v=19$m=65536,t=3,p=4$/BSrhYQcXJgvT7twW3Zd7A$9T4EavbTI49hbXQfHli2yIIDNpk+vz1L0nyrm1DDf5g
2024-12-07 16:28:16,388 - WARNING - Password verification failed for bob.
2024-12-07 16:28:16,389 - WARNING - User 'bob' failed authentication.
2024-12-07 16:28:16,390 - INFO - Connection with ('127.0.0.1', 62864) closed.
2024-12-08 16:08:20,560 - INFO - Initializing database...
2024-12-08 16:08:20,562 - INFO - Schema already up-to-date or error: duplicate column name: speed
2024-12-08 16:08:20,562 - INFO - Tables 'users' and 'devices' created or verified.
2024-12-08 16:08:20,562 - INFO - Generated password: stLitmoRrdas5ZctsLwT(epc
2024-12-08 16:08:20,647 - INFO - Hashed password: $argon2id$v=19$m=65536,t=3,p=4$u1cH/YDEZ9FM4WTP06W/5w$BzYBdZgywJIaWt4b7IUOcLHbQuGl4HMVv06v+eeNIuQ
2024-12-08 16:08:20,648 - INFO - Default devices and users inserted.
2024-12-08 16:08:20,649 - INFO - Server is running on 127.0.0.1:12345
2024-12-08 16:08:56,897 - INFO - Initializing database...
2024-12-08 16:08:56,898 - INFO - Schema already up-to-date or error: duplicate column name: speed
2024-12-08 16:08:56,898 - INFO - Tables 'users' and 'devices' created or verified.
2024-12-08 16:08:56,898 - INFO - Generated password: MSrtspAQdLsZtse!owEt(1da
2024-12-08 16:08:56,986 - INFO - Hashed password: $argon2id$v=19$m=65536,t=3,p=4$aih2BgVqb7Ih6vsMlAkhtg$fRZYQzory7CAsLeAkunB1Fxr+6vensHVvPaI8ENAptY
2024-12-08 16:08:56,987 - INFO - Default devices and users inserted.
2024-12-08 16:08:56,989 - INFO - Server is running on 127.0.0.1:12345
2024-12-08 16:09:02,192 - INFO - New connection from ('127.0.0.1', 57034)
2024-12-08 16:09:19,083 - INFO - Authentication attempt: AUTH testuser MSrtspAQdLsZtse!owEt(1da
2024-12-08 16:09:19,088 - INFO - [DEBUG] Provided password: MSrtspAQdLsZtse!owEt(1da
2024-12-08 16:09:19,089 - INFO - [DEBUG] Stored password for testuser: $argon2id$v=19$m=65536,t=3,p=4$fub5bIwK0h06xgNLaNnBiQ$Fx3g73ekCELpByX27V7deGxyoZkj1tyqqXqzZ9MiHNU
2024-12-08 16:09:19,178 - WARNING - Password verification failed for testuser.
2024-12-08 16:09:19,178 - WARNING - User 'testuser' failed authentication.
2024-12-08 16:09:19,179 - INFO - Connection with ('127.0.0.1', 57034) closed.
2024-12-08 16:09:28,422 - INFO - New connection from ('127.0.0.1', 57042)
2024-12-08 16:09:36,968 - INFO - Authentication attempt: AUTH testuser testpassword
2024-12-08 16:09:36,969 - INFO - [DEBUG] Provided password: testpassword
2024-12-08 16:09:36,970 - INFO - [DEBUG] Stored password for testuser: $argon2id$v=19$m=65536,t=3,p=4$fub5bIwK0h06xgNLaNnBiQ$Fx3g73ekCELpByX27V7deGxyoZkj1tyqqXqzZ9MiHNU
2024-12-08 16:09:37,058 - INFO - User testuser authenticated successfully.
2024-12-08 16:09:37,058 - INFO - User 'testuser' authenticated.
2024-12-08 16:15:12,338 - INFO - Initializing database...
2024-12-08 16:15:12,340 - INFO - Schema already up-to-date or error: duplicate column name: speed
2024-12-08 16:15:12,340 - INFO - Tables 'users' and 'devices' created or verified.
2024-12-08 16:15:12,340 - INFO - Generated password: #Vsswsopa!reZp3dXwZktYQt
2024-12-08 16:15:12,429 - INFO - Hashed password: $argon2id$v=19$m=65536,t=3,p=4$YDZJ6NYuFvfehdyGKvLeHg$R2w+b34pvEE5nPaoF7gdDI0Bvyu6Ol8IE+HhoUZeLjQ
2024-12-08 16:17:08,209 - INFO - Initializing database...
2024-12-08 16:17:08,211 - INFO - Schema already up-to-date or error: duplicate column name: speed
2024-12-08 16:17:08,211 - INFO - Tables 'users' and 'devices' created or verified.
2024-12-08 16:17:08,211 - INFO - Generated password: %srt)rWod5etkssDGha$twpp
2024-12-08 16:17:08,302 - INFO - Hashed password: $argon2id$v=19$m=65536,t=3,p=4$1TMFQhLf2ZzxtxrI0pJQhw$1xCiWwC1r9I5iZdycvvCNv3Zf1YcyzIbXtuzSN4HAlE
2024-12-08 16:17:08,316 - INFO - Default devices and users inserted.
2024-12-08 16:17:08,317 - INFO - Server is running on 127.0.0.1:12345
2024-12-08 16:17:17,123 - INFO - New connection from ('127.0.0.1', 57161)
2024-12-08 16:17:22,377 - INFO - Authentication attempt: AUTH testuser %srt)rWod5etkssDGha$twpp
2024-12-08 16:17:22,379 - INFO - [DEBUG] Provided password: %srt)rWod5etkssDGha$twpp
2024-12-08 16:17:22,379 - INFO - [DEBUG] Stored password for testuser: $argon2id$v=19$m=65536,t=3,p=4$1TMFQhLf2ZzxtxrI0pJQhw$1xCiWwC1r9I5iZdycvvCNv3Zf1YcyzIbXtuzSN4HAlE
2024-12-08 16:17:22,471 - INFO - User testuser authenticated successfully.
2024-12-08 16:17:22,472 - INFO - User 'testuser' authenticated.
2024-12-08 16:17:31,273 - INFO - Received command: light on
2024-12-08 16:17:31,274 - INFO - Device name: light, Action: on
2024-12-08 16:17:31,292 - ERROR - Error processing command: Cannot operate on a closed database.
2024-12-08 16:17:42,106 - INFO - Received command: light off
2024-12-08 16:17:42,107 - INFO - Device name: light, Action: off
2024-12-08 16:17:42,120 - ERROR - Error processing command: Cannot operate on a closed database.
2024-12-08 16:18:11,369 - INFO - Initializing database...
2024-12-08 16:18:11,371 - INFO - Schema already up-to-date or error: duplicate column name: speed
2024-12-08 16:18:11,371 - INFO - Tables 'users' and 'devices' created or verified.
2024-12-08 16:18:11,372 - INFO - Generated password: rp*JaAtseasmCwdt(tsJa#do
2024-12-08 16:18:11,472 - INFO - Hashed password: $argon2id$v=19$m=65536,t=3,p=4$98/0IDHl6OWgLg6VBpddSA$x2epZ7gZ6mZh9SIgwpWEGMBlAhpxQlJ0h5yrF8AMGNU
2024-12-08 16:18:11,483 - INFO - Default devices and users inserted.
2024-12-08 16:18:11,484 - INFO - Server is running on 127.0.0.1:12345
2024-12-08 16:18:17,667 - INFO - New connection from ('127.0.0.1', 57193)
2024-12-08 16:18:25,047 - INFO - Authentication attempt: AUTH testuser testpassword
2024-12-08 16:18:25,049 - INFO - [DEBUG] Provided password: testpassword
2024-12-08 16:18:25,049 - INFO - [DEBUG] Stored password for testuser: $argon2id$v=19$m=65536,t=3,p=4$98/0IDHl6OWgLg6VBpddSA$x2epZ7gZ6mZh9SIgwpWEGMBlAhpxQlJ0h5yrF8AMGNU
2024-12-08 16:18:25,144 - WARNING - Password verification failed for testuser.
2024-12-08 16:18:25,145 - WARNING - User 'testuser' failed authentication.
2024-12-08 16:18:25,145 - INFO - Connection with ('127.0.0.1', 57193) closed.
2024-12-08 16:18:30,350 - INFO - New connection from ('127.0.0.1', 57197)
2024-12-08 16:18:52,651 - INFO - Initializing database...
2024-12-08 16:18:52,654 - INFO - Schema already up-to-date or error: duplicate column name: speed
2024-12-08 16:18:52,654 - INFO - Tables 'users' and 'devices' created or verified.
2024-12-08 16:18:52,654 - INFO - Generated password: K0doJ^tssps@t9uCCeawn&rC
2024-12-08 16:18:52,753 - INFO - Hashed password: $argon2id$v=19$m=65536,t=3,p=4$o81qGmV7Xo+LdwUhCa83kg$3iDE+BW8r40NpdgPoI5Y8G020Niq9tLu7wr2GaQ12To
2024-12-08 16:18:52,766 - INFO - Default devices and users inserted.
2024-12-08 16:18:52,767 - INFO - Server is running on 127.0.0.1:12345
2024-12-08 16:19:02,123 - INFO - New connection from ('127.0.0.1', 57213)
2024-12-08 16:19:06,950 - INFO - Authentication attempt: AUTH testuser K0doJ^tssps@t9uCCeawn&rC
2024-12-08 16:19:06,951 - INFO - [DEBUG] Provided password: K0doJ^tssps@t9uCCeawn&rC
2024-12-08 16:19:06,952 - INFO - [DEBUG] Stored password for testuser: $argon2id$v=19$m=65536,t=3,p=4$o81qGmV7Xo+LdwUhCa83kg$3iDE+BW8r40NpdgPoI5Y8G020Niq9tLu7wr2GaQ12To
2024-12-08 16:19:07,050 - INFO - User testuser authenticated successfully.
2024-12-08 16:19:07,050 - INFO - User 'testuser' authenticated.
2024-12-08 16:19:10,437 - INFO - Received command: light o
2024-12-08 16:19:10,438 - INFO - Device name: light, Action: o
2024-12-08 16:19:14,147 - INFO - Received command: light on
2024-12-08 16:19:14,148 - INFO - Device name: light, Action: on
2024-12-08 16:19:14,161 - ERROR - Error processing command: Cannot operate on a closed database.
2024-12-08 16:33:39,961 - INFO - Initializing database...
2024-12-08 16:33:39,962 - INFO - Schema already up-to-date or error: duplicate column name: speed
2024-12-08 16:33:39,963 - INFO - Tables 'users' and 'devices' created or verified.
2024-12-08 16:33:39,963 - INFO - Generated password: %GrerApidstJ0HsY6ota3wzs
2024-12-08 16:33:40,033 - INFO - Hashed password: $argon2id$v=19$m=65536,t=3,p=4$+Ae2Uj5cpJGHAWJyvuxaKQ$gMiL91SVwk1KG+Rd0ktPBqZjJqYuxHvhj5FcdqWQkMA
2024-12-08 16:33:40,047 - INFO - Default devices and users inserted.
2024-12-08 16:33:40,048 - INFO - Server is running on 127.0.0.1:12345
2024-12-08 16:33:46,097 - INFO - New connection from ('127.0.0.1', 57524)
2024-12-08 16:37:07,143 - INFO - Authentication attempt: AUTH testuser %GrerApidstJ0HsY6ota3wzs
2024-12-08 16:37:07,144 - INFO - [DEBUG] Provided password: %GrerApidstJ0HsY6ota3wzs
2024-12-08 16:37:07,144 - INFO - [DEBUG] Stored password for testuser: $argon2id$v=19$m=65536,t=3,p=4$+Ae2Uj5cpJGHAWJyvuxaKQ$gMiL91SVwk1KG+Rd0ktPBqZjJqYuxHvhj5FcdqWQkMA
2024-12-08 16:37:07,209 - INFO - User testuser authenticated successfully.
2024-12-08 16:37:07,209 - INFO - User 'testuser' authenticated.
2024-12-08 16:37:10,929 - ERROR - Error handling client ('127.0.0.1', 57524): process_command() missing 1 required positional argument: 'command'
2024-12-08 16:37:10,929 - INFO - Connection with ('127.0.0.1', 57524) closed.
2024-12-08 16:37:37,225 - INFO - New connection from ('127.0.0.1', 57948)
2024-12-08 16:50:18,654 - INFO - Initializing database...
2024-12-08 16:52:32,683 - INFO - Initializing database...
2024-12-08 16:52:32,689 - INFO - Tables 'users' and 'devices' created or verified.
2024-12-08 16:52:32,689 - INFO - Generated password: 6SwtroyaP6ssF1pjPsodzte1
2024-12-08 16:52:32,747 - INFO - Hashed password: $argon2id$v=19$m=65536,t=3,p=4$3YoIgvu0U3R51tCznPOALQ$q/rzIRAy+LlN2TCa5hds4wlIMRdn1vwXgQtNHSsTqhI
2024-12-08 16:52:32,748 - INFO - Hashed password stored: $argon2id$v=19$m=65536,t=3,p=4$3YoIgvu0U3R51tCznPOALQ$q/rzIRAy+LlN2TCa5hds4wlIMRdn1vwXgQtNHSsTqhI
2024-12-08 16:52:32,758 - INFO - Default devices and users inserted.
2024-12-08 16:52:32,758 - INFO - Server is running on 127.0.0.1:12345
2024-12-08 16:52:37,180 - INFO - New connection from ('127.0.0.1', 59593)
2024-12-08 16:52:57,769 - INFO - Authentication attempt: AUTH testuser 6SwtroyaP6ssF1pjPsodzte1
2024-12-08 16:52:57,770 - INFO - [DEBUG] Stored password: $argon2id$v=19$m=65536,t=3,p=4$3YoIgvu0U3R51tCznPOALQ$q/rzIRAy+LlN2TCa5hds4wlIMRdn1vwXgQtNHSsTqhI
2024-12-08 16:52:57,770 - INFO - [DEBUG] Provided password: 6SwtroyaP6ssF1pjPsodzte1
2024-12-08 16:52:57,830 - INFO - User testuser authenticated successfully.
2024-12-08 16:52:57,831 - INFO - User 'testuser' authenticated.
2024-12-08 16:53:01,489 - ERROR - Error handling client ('127.0.0.1', 59593): process_command() missing 1 required positional argument: 'command'
2024-12-08 16:53:01,489 - INFO - Connection with ('127.0.0.1', 59593) closed.
2024-12-08 16:56:19,905 - INFO - Initializing database...
2024-12-08 16:56:19,905 - INFO - Tables 'users' and 'devices' created or verified.
2024-12-08 16:56:19,906 - INFO - Generated password: ssrn3tssco4dtawsoK&e)!9p
2024-12-08 16:56:19,975 - INFO - Hashed password: $argon2id$v=19$m=65536,t=3,p=4$E1JUfmn5Vq7n5PB1suu61w$WMI6ejUR5KLiNnXpO6OdPkQ8cN/e/loWcHRXc5F+hUs
2024-12-08 16:56:19,975 - INFO - Hashed password stored: $argon2id$v=19$m=65536,t=3,p=4$E1JUfmn5Vq7n5PB1suu61w$WMI6ejUR5KLiNnXpO6OdPkQ8cN/e/loWcHRXc5F+hUs
2024-12-08 16:56:19,984 - INFO - Default devices and users inserted.
2024-12-08 16:56:19,985 - INFO - Server is running on 127.0.0.1:12345
2024-12-08 16:56:25,160 - INFO - New connection from ('127.0.0.1', 59684)
2024-12-08 16:56:40,884 - INFO - Authentication attempt: AUTH testuser ssrn3tssco4dtawsoK&e)!9p
2024-12-08 16:56:40,885 - INFO - [DEBUG] Stored password: $argon2id$v=19$m=65536,t=3,p=4$E1JUfmn5Vq7n5PB1suu61w$WMI6ejUR5KLiNnXpO6OdPkQ8cN/e/loWcHRXc5F+hUs
2024-12-08 16:56:40,885 - INFO - [DEBUG] Provided password: ssrn3tssco4dtawsoK&e)!9p
2024-12-08 16:56:40,945 - INFO - User testuser authenticated successfully.
2024-12-08 16:56:40,945 - INFO - User 'testuser' authenticated.
2024-12-08 16:56:40,965 - INFO - Connection with ('127.0.0.1', 59684) closed.
2024-12-08 19:48:02,998 - INFO - Initializing database...
2024-12-08 19:48:02,999 - INFO - Tables 'users' and 'devices' created or verified.
2024-12-08 19:48:03,000 - INFO - Generated password: ftswgHsKCtKpaesdoJrN3vr5
2024-12-08 19:48:03,062 - INFO - Hashed password: $argon2id$v=19$m=65536,t=3,p=4$6prohDKmsCTsz/bGIgfu1Q$b2B5rt4Nnz2uGzR+TQwGAJwArQS9uMe359SGsst8UIg
2024-12-08 19:48:03,062 - INFO - Hashed password stored: $argon2id$v=19$m=65536,t=3,p=4$6prohDKmsCTsz/bGIgfu1Q$b2B5rt4Nnz2uGzR+TQwGAJwArQS9uMe359SGsst8UIg
2024-12-08 19:48:03,073 - INFO - Default devices and users inserted.
2024-12-08 19:48:03,074 - INFO - Server is running on 127.0.0.1:12345
2024-12-08 19:48:15,939 - INFO - New connection from ('127.0.0.1', 61494)
2024-12-08 19:48:20,157 - INFO - Authentication attempt: AUTH testuser ftswgHsKCtKpaesdoJrN3vr5
2024-12-08 19:48:20,158 - INFO - [DEBUG] Stored password: $argon2id$v=19$m=65536,t=3,p=4$6prohDKmsCTsz/bGIgfu1Q$b2B5rt4Nnz2uGzR+TQwGAJwArQS9uMe359SGsst8UIg
2024-12-08 19:48:20,159 - INFO - [DEBUG] Provided password: ftswgHsKCtKpaesdoJrN3vr5
2024-12-08 19:48:20,224 - INFO - User testuser authenticated successfully.
2024-12-08 19:48:20,224 - INFO - User 'testuser' authenticated.
2024-12-08 19:48:20,229 - INFO - Connection with ('127.0.0.1', 61494) closed.
2024-12-08 19:48:35,955 - INFO - Initializing database...
2024-12-08 19:48:35,955 - INFO - Tables 'users' and 'devices' created or verified.
2024-12-08 19:48:35,957 - INFO - Generated password: eor9K5ashs%dspCdjwttTTUK
2024-12-08 19:48:36,014 - INFO - Hashed password: $argon2id$v=19$m=65536,t=3,p=4$0MnH7PsNM8z3G8R7E5SMeg$JZxxGVRkTJbmAP3J2l6bqg8qVMDfjs3AAcRSy73AJOY
2024-12-08 19:48:36,014 - INFO - Hashed password stored: $argon2id$v=19$m=65536,t=3,p=4$0MnH7PsNM8z3G8R7E5SMeg$JZxxGVRkTJbmAP3J2l6bqg8qVMDfjs3AAcRSy73AJOY
2024-12-08 19:48:36,027 - INFO - Default devices and users inserted.
2024-12-08 19:48:36,028 - INFO - Server is running on 127.0.0.1:12345
2024-12-08 19:48:43,791 - INFO - Initializing database...
2024-12-08 19:48:43,792 - INFO - Tables 'users' and 'devices' created or verified.
2024-12-08 19:48:43,792 - INFO - Generated password: #taoawpk4&sytdtceJsrcs3(
2024-12-08 19:48:43,848 - INFO - Hashed password: $argon2id$v=19$m=65536,t=3,p=4$QBaJkC9+6KFsNwbiYbz6Yg$6HkZJH6v2QTsw3MOAhX5ls5zCu1brO/ndWX4XFUt+fs
2024-12-08 19:48:43,849 - INFO - Hashed password stored: $argon2id$v=19$m=65536,t=3,p=4$QBaJkC9+6KFsNwbiYbz6Yg$6HkZJH6v2QTsw3MOAhX5ls5zCu1brO/ndWX4XFUt+fs
2024-12-08 19:48:43,862 - INFO - Default devices and users inserted.
2024-12-08 19:48:43,862 - INFO - Server is running on 127.0.0.1:12345
2024-12-08 19:48:53,473 - INFO - New connection from ('127.0.0.1', 61510)
2024-12-08 19:48:59,580 - INFO - Authentication attempt: AUTH testuser #taoawpk4&sytdtceJsrcs3(
2024-12-08 19:48:59,581 - INFO - [DEBUG] Stored password: $argon2id$v=19$m=65536,t=3,p=4$QBaJkC9+6KFsNwbiYbz6Yg$6HkZJH6v2QTsw3MOAhX5ls5zCu1brO/ndWX4XFUt+fs
2024-12-08 19:48:59,581 - INFO - [DEBUG] Provided password: #taoawpk4&sytdtceJsrcs3(
2024-12-08 19:48:59,647 - INFO - User testuser authenticated successfully.
2024-12-08 19:48:59,647 - INFO - User 'testuser' authenticated.
2024-12-08 19:48:59,649 - INFO - Connection with ('127.0.0.1', 61510) closed.
2024-12-08 19:53:14,473 - INFO - Initializing database...
2024-12-08 19:53:14,474 - INFO - Tables 'users' and 'devices' created or verified.
2024-12-08 19:53:14,474 - INFO - Generated password: tRr^5psSy8trjdCwaexsAojs
2024-12-08 19:53:14,530 - INFO - Hashed password: $argon2id$v=19$m=65536,t=3,p=4$Mx6Okb9dSapBI6kRZrtaZw$WU1QooM7QCKQUJ/ZKqklME/SfQpEW+NqcdyfRDoPnyM
2024-12-08 19:53:14,530 - INFO - Hashed password stored: $argon2id$v=19$m=65536,t=3,p=4$Mx6Okb9dSapBI6kRZrtaZw$WU1QooM7QCKQUJ/ZKqklME/SfQpEW+NqcdyfRDoPnyM
2024-12-08 19:53:14,541 - INFO - Default devices and users inserted.
2024-12-08 19:53:14,542 - INFO - Server is running on 127.0.0.1:12345
2024-12-08 19:53:51,798 - INFO - New connection from ('127.0.0.1', 61650)
2024-12-08 19:53:56,941 - INFO - Authentication attempt: AUTH testuser tRr^5psSy8trjdCwaexsAojs
2024-12-08 19:53:56,942 - INFO - [DEBUG] Stored password: $argon2id$v=19$m=65536,t=3,p=4$Mx6Okb9dSapBI6kRZrtaZw$WU1QooM7QCKQUJ/ZKqklME/SfQpEW+NqcdyfRDoPnyM
2024-12-08 19:53:56,942 - INFO - [DEBUG] Provided password: tRr^5psSy8trjdCwaexsAojs
2024-12-08 19:53:57,003 - INFO - User testuser authenticated successfully.
2024-12-08 19:53:57,003 - INFO - User 'testuser' authenticated.
2024-12-08 19:53:57,006 - INFO - Connection with ('127.0.0.1', 61650) closed.
2024-12-08 19:57:30,935 - INFO - Initializing database...
2024-12-08 19:57:30,936 - INFO - Tables 'users' and 'devices' created or verified.
2024-12-08 19:57:30,936 - INFO - Generated password: fs53Otodetasr@bo)tIppwhs
2024-12-08 19:57:30,996 - INFO - Hashed password: $argon2id$v=19$m=65536,t=3,p=4$6VEE+VBkhT6GMFOKeG79EQ$JZckDjjT1WRpdkHEXwRIW7kF3Fie+VeamOfcI76OKN8
2024-12-08 19:57:30,997 - INFO - Hashed password stored: $argon2id$v=19$m=65536,t=3,p=4$6VEE+VBkhT6GMFOKeG79EQ$JZckDjjT1WRpdkHEXwRIW7kF3Fie+VeamOfcI76OKN8
2024-12-08 19:57:31,009 - INFO - Default devices and users inserted.
2024-12-08 19:57:31,010 - INFO - Server is running on 127.0.0.1:12345
2024-12-08 19:57:38,949 - INFO - New connection from ('127.0.0.1', 61744)
2024-12-08 19:57:42,670 - INFO - Authentication attempt: AUTH testuser fs53Otodetasr@bo)tIppwhs
2024-12-08 19:57:42,671 - INFO - [DEBUG] Stored password: $argon2id$v=19$m=65536,t=3,p=4$6VEE+VBkhT6GMFOKeG79EQ$JZckDjjT1WRpdkHEXwRIW7kF3Fie+VeamOfcI76OKN8
2024-12-08 19:57:42,671 - INFO - [DEBUG] Provided password: fs53Otodetasr@bo)tIppwhs
2024-12-08 19:57:42,730 - INFO - User testuser authenticated successfully.
2024-12-08 19:57:42,731 - INFO - User 'testuser' authenticated.
2024-12-08 19:57:42,732 - INFO - Connection with ('127.0.0.1', 61744) closed.
2024-12-08 22:51:37,121 - INFO - Initializing database...
2024-12-08 22:51:37,122 - INFO - Tables 'users' and 'devices' created or verified.
2024-12-08 22:52:51,797 - INFO - Initializing database...
2024-12-08 22:52:51,798 - INFO - Tables 'users' and 'devices' created or verified.
2024-12-08 22:53:00,535 - INFO - Initializing database...
2024-12-08 22:53:00,536 - INFO - Tables 'users' and 'devices' created or verified.
2024-12-08 22:54:07,045 - INFO - Initializing database...
2024-12-08 22:54:07,047 - INFO - Tables 'users' and 'devices' created or verified.
2024-12-08 22:54:07,047 - INFO - Generated password: rsosSd92se7bwGCsatseVPtp
2024-12-08 22:54:07,105 - INFO - Hashed password stored: $argon2id$v=19$m=65536,t=3,p=4$CBbh9RvW5ekHGQjPMS3QMA$4JRj2wRRWupcTJxapSWdWRSxdq2YxagEwxkWofE/R5Y
2024-12-08 22:54:07,118 - INFO - Default devices and users inserted.
2024-12-08 22:54:07,190 - INFO - Assigned credentials: Username: user2332, Password: togycsAdeFwodPepaFstrsAR
2024-12-08 22:54:07,191 - INFO - Server running on 127.0.0.1:12345
2024-12-08 22:56:12,280 - INFO - Connection from ('127.0.0.1', 50690)
2024-12-08 22:56:38,211 - ERROR - Error handling client ('127.0.0.1', 50690): Cannot operate on a closed database.
2024-12-08 23:00:22,305 - INFO - Initializing database...
2024-12-08 23:00:22,306 - INFO - Tables 'users' and 'devices' created or verified.
2024-12-08 23:00:22,306 - INFO - Generated password: eodsQRWxws@DsmattJrxpsdf
2024-12-08 23:00:22,366 - INFO - Hashed password stored: $argon2id$v=19$m=65536,t=3,p=4$jzmu3Db61v5NhjKdde/m/g$eUE50gdFKCocWRL6CDoYYzaw5K8nJ6wQwN7+4bpvtiI
2024-12-08 23:00:22,374 - INFO - Default devices and users inserted.
2024-12-08 23:00:22,437 - INFO - Assigned credentials: Username: user4319, Password: EejgTatYosXsw0tBdsrS6p3T
2024-12-08 23:00:22,438 - INFO - Server running on 127.0.0.1:12345
2024-12-08 23:00:30,554 - INFO - Connection from ('127.0.0.1', 50876)
2024-12-08 23:01:06,065 - ERROR - Error handling client ('127.0.0.1', 50876): Cannot operate on a closed database.
2024-12-08 23:03:40,728 - INFO - Initializing database...
2024-12-08 23:03:40,729 - INFO - Tables 'users' and 'devices' created or verified.
2024-12-08 23:03:40,729 - INFO - Generated password: UudcjrssTJp2etoo3tsawcwL
2024-12-08 23:03:40,790 - INFO - Hashed password stored: $argon2id$v=19$m=65536,t=3,p=4$xJZL2fSRCGnOpBoAfIB1gQ$IwaPhruQY8JpkfqUPwVnCGYsck5V56h7u9zc2zCHi/o
2024-12-08 23:03:40,801 - INFO - Default devices and users inserted.
2024-12-08 23:03:40,867 - INFO - Assigned credentials: Username: user5102, Password: gLpjeG%aGss%rtFwptsoZdKM
2024-12-08 23:03:40,868 - INFO - Server running on 127.0.0.1:12345
2024-12-08 23:03:46,110 - INFO - Connection from ('127.0.0.1', 50934)
2024-12-08 23:04:03,087 - ERROR - Error handling client ('127.0.0.1', 50934): Cannot operate on a closed database.
2024-12-08 23:05:16,179 - INFO - Initializing database...
2024-12-08 23:05:16,180 - INFO - Tables 'users' and 'devices' created or verified.
2024-12-08 23:05:16,180 - INFO - Generated password: f2W6c1@dteuwatTors1Jssp%
2024-12-08 23:05:16,239 - INFO - Hashed password stored: $argon2id$v=19$m=65536,t=3,p=4$Kz+UbKdgFfO7XeVO1jklZQ$NvdtQivYze9q8FRnkoir1MMapu/Sr1h2C71dKZm8sqQ
2024-12-08 23:05:16,253 - INFO - Default devices and users inserted.
2024-12-08 23:05:16,328 - INFO - Assigned credentials: Username: user1185, Password: orsefxl@6#2jtspRtKasHtdw
2024-12-08 23:05:16,329 - INFO - Server running on 127.0.0.1:12345
2024-12-08 23:05:22,693 - INFO - Connection from ('127.0.0.1', 50966)
2024-12-08 23:05:32,273 - ERROR - Error handling client ('127.0.0.1', 50966): Cannot operate on a closed database.
2024-12-08 23:06:02,814 - INFO - Initializing database...
2024-12-08 23:06:02,816 - INFO - Tables 'users' and 'devices' created or verified.
2024-12-08 23:06:02,816 - INFO - Generated password: 7Sucasspw5otxRbetFrkdHQs
2024-12-08 23:06:02,873 - INFO - Hashed password stored: $argon2id$v=19$m=65536,t=3,p=4$+thZS99/mHEdXhVL7EJ/5Q$zpzjvtJk8z+cnAvtLDtJBGga1clPv7/X0eT1WAIlWus
2024-12-08 23:06:02,890 - INFO - Default devices and users inserted.
2024-12-08 23:06:02,963 - INFO - Assigned credentials: Username: user7965, Password: efYtt)rsdcWts7sm%sap*wox
2024-12-08 23:06:02,964 - INFO - Server running on 127.0.0.1:12345
2024-12-08 23:06:08,822 - INFO - Connection from ('127.0.0.1', 50985)
2024-12-08 23:06:20,356 - ERROR - Error handling client ('127.0.0.1', 50985): Cannot operate on a closed database.
2024-12-08 23:09:08,006 - INFO - Initializing database...
2024-12-08 23:09:08,006 - INFO - Tables 'users' and 'devices' created or verified.
2024-12-08 23:09:08,006 - INFO - Generated password: wdostLeN4pwdHMassPtwrsm%
2024-12-08 23:09:08,067 - INFO - Hashed password stored: $argon2id$v=19$m=65536,t=3,p=4$unwkCsubQhBKpQoh2j7lfQ$ZOBb4W19BHAwIEKIjBxTzPBhIm0rN8naQRyUcXkE7fw
2024-12-08 23:09:08,080 - INFO - Default devices and users inserted.
2024-12-08 23:09:08,146 - INFO - Assigned credentials: Username: user5401, Password: teoVP(rwest@pGmC3mspsTda
2024-12-08 23:09:08,147 - INFO - Server running on 127.0.0.1:12345
2024-12-08 23:09:16,710 - INFO - New connection from ('127.0.0.1', 51051)
2024-12-08 23:09:37,401 - INFO - Received raw encrypted authentication message: b'rRRWbwRUYVIMH5QO3auqEA7RPUCjqeSHXnXlNgYBdDLADM8xOGtAALYaZ9VwFH5Oa6+DGYHR55GQLRhhbosFMQ=='
2024-12-08 23:09:37,404 - INFO - Decrypted authentication message: AUTH user5401 teoVP(rwest@pGmC3mspsTda
2024-12-08 23:09:37,464 - ERROR - Client handling error: Cannot operate on a closed database.
2024-12-08 23:09:37,465 - INFO - Connection with ('127.0.0.1', 51051) closed.
2024-12-17 16:03:27,930 - INFO - Initializing database...
2024-12-17 16:03:27,937 - INFO - Tables 'users' and 'devices' created or verified.
2024-12-17 16:03:27,938 - INFO - Generated password: t@shc6YgxdVpoaesrX%Uxwst
2024-12-17 16:03:28,024 - INFO - Hashed password stored: $argon2id$v=19$m=65536,t=3,p=4$M4syqQdTRkHM1kjiom/fmQ$d7iX92XNr327nmqjIn6O+MQidik07GBf7w2cU0PZIzc
2024-12-17 16:03:28,036 - INFO - Default devices and users inserted.
2024-12-17 16:03:28,124 - INFO - Assigned credentials: Username: user2135, Password: Y@wa4rUie1dKssHoKPtst9pR
2024-12-17 16:03:28,125 - INFO - Server running on 127.0.0.1:12345
2024-12-17 16:03:48,017 - INFO - New connection from ('127.0.0.1', 58749)
2024-12-17 16:04:07,685 - INFO - Received raw encrypted authentication message: b'5XYnhnvtVZgF83W095VyesFXNi2YdKtg6eMZN79Uzx8/P203HOcV/RkE0xyeTl5UJViH5ZUbGNKdzEk5NLmhIA=='
2024-12-17 16:04:07,688 - INFO - Decrypted authentication message: AUTH user2135 Y@wa4rUie1dKssHoKPtst9pR
2024-12-17 16:04:07,784 - ERROR - Client handling error: Cannot operate on a closed database.
2024-12-17 16:04:07,785 - INFO - Connection with ('127.0.0.1', 58749) closed.
2024-12-17 16:29:49,896 - INFO - Initializing database...
2024-12-17 16:29:49,898 - INFO - Tables 'users' and 'devices' created or verified.
2024-12-17 16:29:49,898 - INFO - Default devices and users inserted.
2024-12-17 16:29:50,013 - INFO - Assigned credentials: Username: user7875, Password: 6pzjs81fznc5
2024-12-17 16:29:50,016 - INFO - Server running on 127.0.0.1:12345
2024-12-17 16:29:57,478 - INFO - New connection from ('127.0.0.1', 59711)
2024-12-17 16:30:18,387 - INFO - Received raw encrypted authentication message: b''
2024-12-17 16:30:18,387 - ERROR - Server decryption error: Received message is too short to contain a valid IV.
2024-12-17 16:30:18,388 - INFO - Decrypted authentication message: Invalid message received or decryption error
2024-12-17 16:30:18,388 - INFO - Connection with ('127.0.0.1', 59711) closed.
2024-12-17 16:30:50,720 - INFO - Initializing database...
2024-12-17 16:30:50,721 - INFO - Tables 'users' and 'devices' created or verified.
2024-12-17 16:30:50,722 - INFO - Default devices and users inserted.
2024-12-17 16:30:50,851 - INFO - Assigned credentials: Username: user6181, Password: fvyuq7kvpico
2024-12-17 16:30:50,853 - INFO - Server running on 127.0.0.1:12345
2024-12-17 16:30:59,092 - INFO - New connection from ('127.0.0.1', 59732)
2024-12-17 16:31:08,235 - INFO - Received raw encrypted authentication message: b'zEzuAm6yi5vBmYG06Fuqxq7x1VeCxRMCix5q6lyzk/KpGmSgYXUjkTPkheAafkJD'
2024-12-17 16:31:08,237 - INFO - Decrypted authentication message: AUTH user6181 fvyuq7kvpico
2024-12-17 16:31:08,328 - INFO - User 'user6181' authenticated successfully.
2024-12-17 16:31:19,399 - INFO - Received encrypted client command: tmIvI8XWJz+zM1Q5vqymSZSuQzUVvYypX7LuT9wIQAulry9wXyxv+wOflh2bFsYmidR6+iJH0DOr8nqibNRVnv2YfvaTYDxheSx5xWS9LeM=
2024-12-17 16:31:19,399 - INFO - Decrypted client command: CHANGE_PASSWORD user6181 fvyuq7kvpico blackpoint101
2024-12-17 16:31:19,400 - ERROR - Client handling error: process_command() missing 1 required positional argument: 'command'
2024-12-17 16:31:19,400 - INFO - Connection with ('127.0.0.1', 59732) closed.
2024-12-17 16:42:08,476 - INFO - Server running on 127.0.0.1:12345
2024-12-17 16:42:31,530 - INFO - Server running on 127.0.0.1:12345
2024-12-17 16:42:37,713 - INFO - New connection from ('127.0.0.1', 59953)
2024-12-17 16:42:37,822 - INFO - [INFO] Sent temporary credentials to user8095
2024-12-17 16:42:47,684 - INFO - Received command from user8095: user8059
2024-12-17 16:42:55,775 - INFO - Received command from user8095: light on
2024-12-17 16:43:00,629 - INFO - Received command from user8095: light off
2024-12-17 16:43:02,924 - INFO - Received command from user8095: help
2024-12-17 16:43:32,034 - INFO - Initializing database...
2024-12-17 16:43:32,035 - INFO - Tables 'users' and 'devices' created or verified.
2024-12-17 16:43:32,036 - INFO - Default devices and users inserted.
2024-12-17 16:43:32,132 - INFO - Assigned credentials: Username: user3397, Password: 9xpe5ddovvzp
2024-12-17 16:43:32,133 - INFO - Server running on 127.0.0.1:12345
2024-12-17 16:43:52,582 - INFO - New connection from ('127.0.0.1', 59999)
2024-12-17 16:44:09,763 - INFO - Received raw encrypted authentication message: b'5aMlKVINcRtX9yhTvdBLxMGf9nredr4zaqylwwNqYWbqFnZo2Wupu+E0KTLSfI8R'
2024-12-17 16:44:09,766 - INFO - Decrypted authentication message: AUTH user3397 9xpe5ddovvzp
2024-12-17 16:44:09,868 - INFO - User 'user3397' authenticated successfully.
2024-12-17 16:44:21,695 - INFO - Received encrypted client command: E3OytzyMQPnH12BF1Ctu1VQtKqzc+fkOtjDUXiuHpYbbtH1o5iBjLdjVxjP8EBnfjUuLfGUlj3YGdwZkSVlIrtCxKHEX/iz2yKj9PAHCXgI=
2024-12-17 16:44:21,696 - INFO - Decrypted client command: CHANGE_PASSWORD user3397 9xpe5ddovvzp blankpoint101
2024-12-17 16:44:21,696 - ERROR - Client handling error: process_command() missing 1 required positional argument: 'command'
2024-12-17 16:44:21,696 - INFO - Connection with ('127.0.0.1', 59999) closed.
2024-12-17 16:55:14,826 - INFO - Initializing database...
2024-12-17 16:55:14,828 - INFO - Tables 'users' and 'devices' created or verified.
2024-12-17 16:55:14,828 - INFO - Default devices and users inserted.
2024-12-17 16:56:03,759 - INFO - Initializing database...
2024-12-17 16:56:03,761 - INFO - Tables 'users' and 'devices' created or verified.
2024-12-17 16:56:03,761 - INFO - Default devices and users inserted.
2024-12-17 16:56:03,870 - INFO - Assigned credentials: Username: user5374, Password: grpqf69nacmk
2024-12-17 16:56:03,871 - INFO - Server running on 127.0.0.1:12345
2024-12-17 16:56:08,764 - INFO - New connection from ('127.0.0.1', 61764)
2024-12-17 16:56:23,394 - INFO - Received command: AUTH user5374 grpqf69nacmk
2024-12-17 16:56:35,663 - INFO - Received command: light on
2024-12-17 16:56:40,857 - INFO - Received command: light off
2024-12-17 16:56:47,298 - INFO - Received command: fan on
2024-12-17 16:56:51,148 - INFO - Received command: fan off
2024-12-17 17:03:31,732 - INFO - Initializing database...
2024-12-17 17:03:31,734 - INFO - Tables 'users' and 'devices' created or verified.
2024-12-17 17:03:31,735 - INFO - Default devices and users inserted.
2024-12-17 17:03:31,854 - INFO - Assigned credentials: Username: user4283, Password: u2bcf3t46yw3
2024-12-17 17:03:31,856 - INFO - Server running on 127.0.0.1:12345
2024-12-17 17:03:40,649 - INFO - New connection from ('127.0.0.1', 62251)
2024-12-17 17:03:58,260 - INFO - Received decrypted client command: CHANGE_PASSWORD user4283 u2bcf3t46yw3 lightbulb
2024-12-17 17:04:04,912 - INFO - Received decrypted client command: light on
2024-12-17 17:04:08,688 - INFO - Received decrypted client command: light off
2024-12-17 17:04:13,606 - INFO - Received decrypted client command: fan on
2024-12-17 17:19:47,991 - INFO - Initializing database...
2024-12-17 17:19:47,992 - INFO - Tables 'users' and 'devices' created or verified.
2024-12-17 17:19:47,993 - INFO - Default devices and users inserted.
2024-12-17 17:19:48,100 - INFO - Assigned credentials: Username: user8587, Password: r5j6rltn6n9f
2024-12-17 17:19:48,101 - INFO - Server running on 127.0.0.1:12345
2024-12-17 17:19:52,993 - INFO - New connection from ('127.0.0.1', 62695)
2024-12-17 17:20:15,782 - INFO - Received decrypted client command: CHANGE_PASSWORD user8587 r5j6rltn6n9f uhduwhdiwu
2024-12-17 17:20:20,421 - INFO - Received decrypted client command: light on
2024-12-17 17:20:23,380 - INFO - Received decrypted client command: fan on
2024-12-17 17:20:30,764 - INFO - Received decrypted client command: thermostat set 234
2024-12-18 19:01:23,117 - INFO - Initializing database...
2024-12-18 19:01:23,118 - INFO - Tables 'users' and 'devices' created or verified.
2024-12-18 19:01:23,118 - INFO - Default devices and users inserted.
2024-12-18 19:01:23,217 - INFO - Assigned credentials: Username: user4877, Password: kgoqwck59ze9
2024-12-18 19:01:23,219 - INFO - Server running on 127.0.0.1:12345
2024-12-18 19:01:32,123 - INFO - New connection from ('127.0.0.1', 54788)
2024-12-18 19:01:52,433 - INFO - Received decrypted client command: CHANGE_PASSWORD user4877 kgoqwck59ze9 treoere4343$
2024-12-18 19:01:57,274 - INFO - Received decrypted client command: light on
2024-12-18 19:10:24,592 - INFO - Initializing database...
2024-12-18 19:10:24,593 - INFO - Tables 'users' and 'devices' created or verified.
2024-12-18 19:10:24,593 - INFO - Default devices and users inserted.
2024-12-18 19:10:24,703 - INFO - Assigned credentials: Username: user5379, Password: rpl7v89he6ly
2024-12-18 19:10:24,705 - INFO - Server running on 127.0.0.1:12345
2024-12-18 19:10:30,592 - INFO - New connection from ('127.0.0.1', 54999)
2024-12-18 19:10:45,031 - INFO - Received decrypted client command: CHANGE_PASSWORD user5379 rpl7v89he6ly lfedfji455
2024-12-18 19:10:47,393 - INFO - Received decrypted client command: light on
2024-12-18 19:10:52,250 - INFO - Received decrypted client command: light off 
2024-12-18 19:11:25,326 - INFO - Initializing database...
2024-12-18 19:11:25,328 - INFO - Tables 'users' and 'devices' created or verified.
2024-12-18 19:11:25,329 - INFO - Default devices and users inserted.
2024-12-18 19:11:25,432 - INFO - Assigned credentials: Username: user5965, Password: 3ge6dkjqwvu4
2024-12-18 19:11:25,433 - INFO - Server running on 127.0.0.1:12345
2024-12-18 19:11:31,587 - ERROR - Exception in callback StreamReaderProtocol.connection_made(<_ProactorSoc...nsport fd=388>)
handle: <Handle StreamReaderProtocol.connection_made(<_ProactorSoc...nsport fd=388>)>
Traceback (most recent call last):
  File "C:\msys64\ucrt64\lib\python3.11\asyncio\events.py", line 80, in _run
    self._context.run(self._callback, *self._args)
  File "C:\msys64\ucrt64\lib\python3.11\asyncio\streams.py", line 245, in connection_made
    res = self._client_connected_cb(reader,
          ^^^^^^^^^^^^^^^^^^^^^^^^^^^^^^^^^
TypeError: handle_client() missing 1 required positional argument: 'writer'
2024-12-18 19:12:33,940 - INFO - Initializing database...
2024-12-18 19:12:33,941 - INFO - Tables 'users' and 'devices' created or verified.
2024-12-18 19:12:33,942 - INFO - Default devices and users inserted.
2024-12-18 19:12:34,022 - INFO - Assigned credentials: Username: user9544, Password: vakp1vmfjj3v
2024-12-18 19:12:34,023 - INFO - Server running on 127.0.0.1:12345
2024-12-18 19:12:39,717 - ERROR - Exception in callback StreamReaderProtocol.connection_made(<_ProactorSoc...nsport fd=500>)
handle: <Handle StreamReaderProtocol.connection_made(<_ProactorSoc...nsport fd=500>)>
Traceback (most recent call last):
  File "C:\msys64\ucrt64\lib\python3.11\asyncio\events.py", line 80, in _run
    self._context.run(self._callback, *self._args)
  File "C:\msys64\ucrt64\lib\python3.11\asyncio\streams.py", line 245, in connection_made
    res = self._client_connected_cb(reader,
          ^^^^^^^^^^^^^^^^^^^^^^^^^^^^^^^^^
TypeError: handle_client() missing 1 required positional argument: 'writer'
2024-12-18 19:13:59,773 - INFO - Initializing database...
2024-12-18 19:13:59,774 - INFO - Tables 'users' and 'devices' created or verified.
2024-12-18 19:13:59,774 - INFO - Default devices and users inserted.
2024-12-18 19:13:59,858 - INFO - Assigned credentials: Username: user2229, Password: neac8unyqiat
2024-12-18 19:13:59,859 - INFO - Server running on 127.0.0.1:12345
2024-12-18 19:17:42,582 - INFO - Initializing database...
2024-12-18 19:17:42,583 - INFO - Tables 'users' and 'devices' created or verified.
2024-12-18 19:17:42,585 - INFO - Default devices and users inserted.
2024-12-18 19:17:42,659 - INFO - Assigned credentials: Username: user3898, Password: auj8wlvhlog3
2024-12-18 19:17:42,660 - INFO - Server running on 127.0.0.1:12345
2024-12-18 19:17:48,393 - ERROR - Exception in callback StreamReaderProtocol.connection_made(<_ProactorSoc...nsport fd=584>)
handle: <Handle StreamReaderProtocol.connection_made(<_ProactorSoc...nsport fd=584>)>
Traceback (most recent call last):
  File "C:\msys64\ucrt64\lib\python3.11\asyncio\events.py", line 80, in _run
    self._context.run(self._callback, *self._args)
  File "C:\msys64\ucrt64\lib\python3.11\asyncio\streams.py", line 245, in connection_made
    res = self._client_connected_cb(reader,
          ^^^^^^^^^^^^^^^^^^^^^^^^^^^^^^^^^
TypeError: handle_client() missing 1 required positional argument: 'conn'
2024-12-18 19:20:56,701 - INFO - Initializing database...
2024-12-18 19:20:56,701 - INFO - Tables 'users' and 'devices' created or verified.
2024-12-18 19:20:56,702 - INFO - Default devices and users inserted.
2024-12-18 19:20:56,782 - INFO - Assigned credentials: Username: user3843, Password: dyqetwg8mgoe
2024-12-18 19:20:56,783 - INFO - Server running on 127.0.0.1:12345
2024-12-18 19:21:01,919 - ERROR - Exception in callback StreamReaderProtocol.connection_made(<_ProactorSoc...nsport fd=360>)
handle: <Handle StreamReaderProtocol.connection_made(<_ProactorSoc...nsport fd=360>)>
Traceback (most recent call last):
  File "C:\msys64\ucrt64\lib\python3.11\asyncio\events.py", line 80, in _run
    self._context.run(self._callback, *self._args)
  File "C:\msys64\ucrt64\lib\python3.11\asyncio\streams.py", line 245, in connection_made
    res = self._client_connected_cb(reader,
          ^^^^^^^^^^^^^^^^^^^^^^^^^^^^^^^^^
TypeError: handle_client() missing 1 required positional argument: 'conn'
2024-12-18 20:23:32,098 - INFO - Initializing database...
2024-12-18 20:23:32,100 - INFO - Tables 'users' and 'devices' created or verified.
2024-12-18 20:23:32,100 - INFO - Default devices and users inserted.
2024-12-18 20:23:32,177 - INFO - Assigned credentials - Username: user4584, Password: 8hdm7iej8oc1
2024-12-18 20:23:32,178 - INFO - Server running on 127.0.0.1:12345
2024-12-18 20:23:38,592 - INFO - New connection from ('127.0.0.1', 56152)
2024-12-18 20:23:54,121 - INFO - Received command: CHANGE_PASSWORD user4584 8hdm7iej8oc1 lanterns545&**
2024-12-18 20:23:58,881 - INFO - Received command: COMMAND light on
2024-12-18 20:24:02,828 - INFO - Received command: COMMAND command light on
2024-12-18 20:24:08,351 - INFO - Received command: COMMAND COMMAND LIGHT ON
2024-12-18 20:24:16,515 - INFO - Received command: COMMAND Command light on
2024-12-18 20:26:10,596 - INFO - Initializing database...
2024-12-18 20:26:10,597 - INFO - Tables 'users' and 'devices' created or verified.
2024-12-18 20:26:10,597 - INFO - Default devices and users inserted.
2024-12-18 20:26:10,664 - INFO - Assigned credentials - Username: user5375, Password: eft16onhlqxn
2024-12-18 20:26:10,666 - INFO - Server running on 127.0.0.1:12345
2024-12-18 20:26:15,607 - INFO - New connection from ('127.0.0.1', 56241)
2024-12-18 20:26:29,376 - INFO - Received command: CHANGE_PASSWORD user5375 eft16onhlqxn wjej^*&^76876hg
2024-12-18 20:26:34,652 - INFO - Received command: COMMAND COMMAND light on
2024-12-18 20:26:34,652 - INFO - Device name: command, Action: light
2024-12-18 20:26:34,654 - ERROR - Error processing command: Cannot operate on a closed database.
2024-12-18 20:26:39,344 - INFO - Received command: COMMAND COMMAND LIGHT ON
2024-12-18 20:26:39,344 - INFO - Device name: command, Action: light
2024-12-18 20:26:39,344 - ERROR - Error processing command: Cannot operate on a closed database.
2024-12-18 20:29:09,677 - INFO - Initializing database...
2024-12-18 20:29:09,678 - INFO - Tables 'users' and 'devices' created or verified.
2024-12-18 20:29:09,678 - INFO - Default devices and users inserted.
2024-12-18 20:29:09,745 - INFO - Assigned credentials - Username: user7880, Password: vsru41i5swso
2024-12-18 20:29:09,747 - INFO - Server running on 127.0.0.1:12345
2024-12-18 20:29:17,376 - INFO - New connection from ('127.0.0.1', 56308)
2024-12-18 20:29:38,208 - INFO - Received command: COMMAND COMMAND LIGHT ON
2024-12-18 20:29:38,208 - INFO - Device name: command, Action: light
2024-12-18 20:29:38,208 - ERROR - Error processing command: Cannot operate on a closed database.
2024-12-18 20:29:41,931 - INFO - Received command: COMMAND Light on
2024-12-18 20:29:41,932 - INFO - Device name: light, Action: on
2024-12-18 20:29:41,932 - ERROR - Error processing command: Cannot operate on a closed database.
2024-12-18 20:40:42,691 - INFO - Initializing database...
2024-12-18 20:40:42,692 - INFO - Tables 'users' and 'devices' created or verified.
2024-12-18 20:40:42,692 - INFO - Default devices and users inserted.
2024-12-18 20:40:42,767 - INFO - Assigned credentials - Username: user8852, Password: ca8ruyf7c3ba
2024-12-18 20:40:42,768 - INFO - Server running on 127.0.0.1:12345
2024-12-18 20:40:56,654 - ERROR - Error handling client: authenticate_user() takes 2 positional arguments but 3 were given
2024-12-19 14:22:58,447 - INFO - Initializing database...
2024-12-19 14:22:58,449 - INFO - Tables 'users' and 'devices' created or verified.
2024-12-19 14:22:58,450 - INFO - Default devices and users inserted.
2024-12-19 14:22:58,534 - INFO - Assigned credentials - Username: user2736, Password: 4arysqsx8wp1
2024-12-19 14:22:58,535 - INFO - Server running on 127.0.0.1:12345
2024-12-19 14:24:57,255 - INFO - Initializing database...
2024-12-19 14:24:57,256 - INFO - Tables 'users' and 'devices' created or verified.
2024-12-19 14:24:57,257 - INFO - Default devices and users inserted.
2024-12-19 14:24:57,359 - INFO - Assigned credentials - Username: user1143, Password: nlhim3qliyjw
2024-12-19 14:24:57,360 - INFO - Server running on 127.0.0.1:12345
2024-12-19 14:25:11,204 - ERROR - Error handling client: authenticate_user() takes 2 positional arguments but 3 were given
2024-12-19 14:28:24,127 - INFO - Initializing database...
2024-12-19 14:28:24,129 - INFO - Tables 'users' and 'devices' created or verified.
2024-12-19 14:28:24,130 - INFO - Default devices and users inserted.
2024-12-19 14:28:24,226 - INFO - Assigned credentials - Username: user4728, Password: k5tfg43q7b66
2024-12-19 14:28:24,227 - INFO - Server running on 127.0.0.1:12345
2024-12-19 14:28:44,160 - INFO - Initializing database...
2024-12-19 14:28:44,161 - INFO - Tables 'users' and 'devices' created or verified.
2024-12-19 14:28:44,162 - INFO - Default devices and users inserted.
2024-12-19 14:28:44,257 - INFO - Assigned credentials - Username: user4488, Password: zej74n6ilkm7
2024-12-19 14:28:44,258 - INFO - Server running on 127.0.0.1:12345
2024-12-19 14:28:50,260 - ERROR - Unhandled exception in client_connected_cb
transport: <_ProactorSocketTransport fd=604 read=<_OverlappedFuture pending cb=[_ProactorReadPipeTransport._loop_reading()]>>
Traceback (most recent call last):
  File "c:/Users/enosh/Desktop/Coursework 25'/Network Systems Development/Server.py", line 248, in client_handler
    await handle_client(reader, writer, conn)
          ^^^^^^^^^^^^^^^^^^^^^^^^^^^^^^^^^^^
TypeError: handle_client() takes 2 positional arguments but 3 were given
2024-12-19 14:31:40,915 - INFO - Initializing database...
2024-12-19 14:31:40,917 - INFO - Tables 'users' and 'devices' created or verified.
2024-12-19 14:31:40,917 - INFO - Default devices and users inserted.
2024-12-19 14:31:41,012 - INFO - Assigned credentials - Username: user8638, Password: gtf76newsi8q
2024-12-19 14:31:41,013 - INFO - Server running on 127.0.0.1:12345
2024-12-19 14:32:01,785 - ERROR - Error handling client: process_command() missing 1 required positional argument: 'command'
2024-12-19 14:36:31,514 - INFO - Initializing database...
2024-12-19 14:36:31,515 - INFO - Tables 'users' and 'devices' created or verified.
2024-12-19 14:36:31,516 - INFO - Default devices and users inserted.
2024-12-19 14:36:31,613 - INFO - Assigned credentials - Username: user5237, Password: grk49nmt4qug
2024-12-19 14:36:31,615 - INFO - Server running on 127.0.0.1:12345
2024-12-19 14:36:51,058 - ERROR - Error handling client: process_command() missing 1 required positional argument: 'command'
2024-12-19 14:40:22,219 - INFO - Initializing database...
2024-12-19 14:40:22,220 - INFO - Tables 'users' and 'devices' created or verified.
2024-12-19 14:40:22,221 - INFO - Default devices and users inserted.
2024-12-19 14:40:22,318 - INFO - Assigned credentials - Username: user6770, Password: jdir48vd3ina
2024-12-19 14:40:22,320 - INFO - Server running on 127.0.0.1:12345
2024-12-19 14:40:41,394 - ERROR - Error handling client: Cannot operate on a closed database.
2024-12-19 14:56:50,001 - INFO - Initializing database...
2024-12-19 14:56:50,002 - INFO - Tables 'users' and 'devices' created or verified.
2024-12-19 14:56:50,003 - INFO - Default devices and users inserted.
2024-12-19 14:56:50,098 - INFO - Assigned credentials - Username: user3467, Password: 1e5eb5ap8r39
2024-12-19 14:56:50,099 - INFO - Server running on 127.0.0.1:12345
2024-12-19 14:57:20,664 - ERROR - Error handling client: Cannot operate on a closed database.
2024-12-19 15:01:22,380 - INFO - Initializing database...
2024-12-19 15:01:22,382 - INFO - Tables 'users' and 'devices' created or verified.
2024-12-19 15:01:22,382 - INFO - Default devices and users inserted.
2024-12-19 15:01:22,487 - INFO - Assigned credentials - Username: user3350, Password: 6metjnfr3mxq
2024-12-19 15:01:22,488 - INFO - Server running on 127.0.0.1:12345
2024-12-19 15:01:27,657 - INFO - New connection from ('127.0.0.1', 51691)
2024-12-19 15:01:37,729 - ERROR - Error handling client: Cannot operate on a closed database.
2024-12-19 15:11:16,512 - INFO - Initializing database...
2024-12-19 15:11:16,515 - INFO - Schema already up-to-date or error: duplicate column name: speed
2024-12-19 15:11:16,515 - INFO - Tables 'users' and 'devices' created or verified.
2024-12-19 15:11:16,515 - INFO - Generated password: Jstdrps6asCOe1pQeX8wotsw
2024-12-19 15:11:16,600 - INFO - Hashed password: $argon2id$v=19$m=65536,t=3,p=4$+ZuMOs9Ob1q3OaNVRkf87A$DAGLqjGUmHF9j2eVUhv0nF6lJr8Zl1YWzM87xw/7m8g
2024-12-19 15:11:16,608 - INFO - Default devices and users inserted.
2024-12-19 15:11:16,609 - INFO - Server is running on 127.0.0.1:12345
2024-12-19 15:11:36,179 - INFO - New connection from ('127.0.0.1', 51857)
2024-12-19 15:11:41,080 - INFO - Authentication attempt: AUTH testuser Jstdrps6asCOe1pQeX8wotsw
2024-12-19 15:11:41,081 - INFO - [DEBUG] Provided password: Jstdrps6asCOe1pQeX8wotsw
2024-12-19 15:11:41,082 - INFO - [DEBUG] Stored password for testuser: $argon2id$v=19$m=65536,t=3,p=4$+ZuMOs9Ob1q3OaNVRkf87A$DAGLqjGUmHF9j2eVUhv0nF6lJr8Zl1YWzM87xw/7m8g
2024-12-19 15:11:41,171 - INFO - User testuser authenticated successfully.
2024-12-19 15:11:41,172 - INFO - User 'testuser' authenticated.
2024-12-19 15:11:46,110 - INFO - Received command: CHANGE_PASSWORD testuser hiuhd76*&^&*^*&
2024-12-19 15:11:46,111 - INFO - Device name: change_password, Action: testuser
2024-12-19 15:11:49,050 - INFO - Received command: light on
2024-12-19 15:11:49,052 - INFO - Device name: light, Action: on
2024-12-19 15:11:49,053 - ERROR - Error processing command: Cannot operate on a closed database.
2024-12-19 15:13:41,344 - INFO - Initializing database...
2024-12-19 15:13:41,345 - INFO - Tables 'users' and 'devices' created or verified.
2024-12-19 15:13:41,346 - INFO - Generated password: yDzt#torpeq3wdsNsAaJes0b
2024-12-19 15:13:41,431 - INFO - Hashed password stored: $argon2id$v=19$m=65536,t=3,p=4$BvFeLFfVnydKEBOQLjlP7w$F1XYKL9gI0NvMSfeLWBdPu1DB6qFpDV1stELzyQuEso
2024-12-19 15:13:41,443 - INFO - Default devices and users inserted.
2024-12-19 15:13:41,534 - INFO - Assigned credentials: Username: user9166, Password: psgR)&)Y@ao#sKsEGdresttw
2024-12-19 15:13:41,536 - INFO - Server running on 127.0.0.1:12345
2024-12-19 15:13:51,581 - INFO - New connection from ('127.0.0.1', 51889)
2024-12-19 15:14:03,759 - INFO - Received raw encrypted authentication message: b'VZ7hHkV3z49I57Mp5g1lVY7neEQCOTOWEWGXrZ2lSWY/9GZldJ1B9XNzizIIqzMqm7PpzfPy+XA0A1uFZSZtRw=='
2024-12-19 15:14:03,763 - INFO - Decrypted authentication message: AUTH user9166 psgR)&)Y@ao#sKsEGdresttw
2024-12-19 15:14:03,851 - ERROR - Client handling error: Cannot operate on a closed database.
2024-12-19 15:14:03,852 - INFO - Connection with ('127.0.0.1', 51889) closed.
2024-12-19 15:14:48,297 - INFO - Initializing database...
2024-12-19 15:14:48,298 - INFO - Tables 'users' and 'devices' created or verified.
2024-12-19 15:14:48,298 - INFO - Generated password: wB9dxtaerTsh8sd5wptsdHoo
2024-12-19 15:14:48,387 - INFO - Hashed password: $argon2id$v=19$m=65536,t=3,p=4$Naq10BHdfXTKQo1yGkogFA$nxgAwwbmwXu7b2rq00f1NJkLXG9G+iOQjZ5HCChBoxA
2024-12-19 15:14:48,387 - INFO - Hashed password stored: $argon2id$v=19$m=65536,t=3,p=4$Naq10BHdfXTKQo1yGkogFA$nxgAwwbmwXu7b2rq00f1NJkLXG9G+iOQjZ5HCChBoxA
2024-12-19 15:14:48,397 - INFO - Default devices and users inserted.
2024-12-19 15:14:48,399 - INFO - Server is running on 127.0.0.1:12345
2024-12-19 15:14:58,374 - INFO - New connection from ('127.0.0.1', 51914)
2024-12-19 15:15:04,696 - INFO - Authentication attempt: AUTH testuser ijdi&*&(
2024-12-19 15:15:04,699 - INFO - [DEBUG] Stored password: $argon2id$v=19$m=65536,t=3,p=4$Naq10BHdfXTKQo1yGkogFA$nxgAwwbmwXu7b2rq00f1NJkLXG9G+iOQjZ5HCChBoxA
2024-12-19 15:15:04,699 - INFO - [DEBUG] Provided password: ijdi&*&(
2024-12-19 15:15:04,790 - WARNING - Password verification failed for testuser.
2024-12-19 15:15:04,790 - WARNING - User 'testuser' failed authentication.
2024-12-19 15:15:04,791 - INFO - Connection with ('127.0.0.1', 51914) closed.
2024-12-19 15:15:13,938 - INFO - Initializing database...
2024-12-19 15:15:13,939 - INFO - Tables 'users' and 'devices' created or verified.
2024-12-19 15:15:13,939 - INFO - Generated password: ze7et%EK8a6$utBsxrpdowss
2024-12-19 15:15:14,020 - INFO - Hashed password: $argon2id$v=19$m=65536,t=3,p=4$fGABJUdJ7S4il2iFjjbOgw$lUGpjwzbfof7rnlr++xKtTxpk0sm5QAOELEo4F5DVqs
2024-12-19 15:15:14,021 - INFO - Hashed password stored: $argon2id$v=19$m=65536,t=3,p=4$fGABJUdJ7S4il2iFjjbOgw$lUGpjwzbfof7rnlr++xKtTxpk0sm5QAOELEo4F5DVqs
2024-12-19 15:15:14,032 - INFO - Default devices and users inserted.
2024-12-19 15:15:14,033 - INFO - Server is running on 127.0.0.1:12345
2024-12-19 15:15:20,641 - INFO - New connection from ('127.0.0.1', 51922)
2024-12-19 15:15:24,493 - INFO - Authentication attempt: AUTH testuser ze7et%EK8a6$utBsxrpdowss
2024-12-19 15:15:24,494 - INFO - [DEBUG] Stored password: $argon2id$v=19$m=65536,t=3,p=4$fGABJUdJ7S4il2iFjjbOgw$lUGpjwzbfof7rnlr++xKtTxpk0sm5QAOELEo4F5DVqs
2024-12-19 15:15:24,495 - INFO - [DEBUG] Provided password: ze7et%EK8a6$utBsxrpdowss
2024-12-19 15:15:24,587 - INFO - User testuser authenticated successfully.
2024-12-19 15:15:24,588 - INFO - User 'testuser' authenticated.
2024-12-19 15:15:24,590 - INFO - Connection with ('127.0.0.1', 51922) closed.
2024-12-19 15:31:17,978 - INFO - Initializing database...
2024-12-19 15:31:17,980 - INFO - Tables 'users' and 'devices' created or verified.
2024-12-19 15:31:17,980 - INFO - Generated password: Toa^d!TrstWwpZetzws1sos#
2024-12-19 15:31:18,063 - INFO - Hashed password: $argon2id$v=19$m=65536,t=3,p=4$82DAwD0gH2yHlRwLacd0OA$cM5O6rQwwJARJZgxChc1KUIFSCqmg49PNQsu4QTrOPM
2024-12-19 15:31:18,064 - INFO - Hashed password stored: $argon2id$v=19$m=65536,t=3,p=4$82DAwD0gH2yHlRwLacd0OA$cM5O6rQwwJARJZgxChc1KUIFSCqmg49PNQsu4QTrOPM
2024-12-19 15:31:18,076 - INFO - Default devices and users inserted.
2024-12-19 15:31:18,077 - INFO - Server is running on 127.0.0.1:12345
2024-12-19 15:31:22,243 - INFO - Database connection closed.
2024-12-20 19:51:36,313 - INFO - Initializing database...
2024-12-20 19:51:36,316 - INFO - Tables 'users' and 'devices' created or verified.
2024-12-20 19:51:36,316 - INFO - Generated password: 5a3sEstprrmsMw5esuydwo*t
2024-12-20 19:51:36,378 - INFO - Hashed password: $argon2id$v=19$m=65536,t=3,p=4$WnNvfVEmKyh/mwouKUUC7A$hkujGBz/1zAa+wJ7BT6iqTymgIomVKFM3Y+wWV7QG/Q
2024-12-20 19:51:36,378 - INFO - Hashed password stored: $argon2id$v=19$m=65536,t=3,p=4$WnNvfVEmKyh/mwouKUUC7A$hkujGBz/1zAa+wJ7BT6iqTymgIomVKFM3Y+wWV7QG/Q
2024-12-20 19:51:36,384 - INFO - Default devices and users inserted.
2024-12-20 19:51:36,385 - INFO - Server is running on 127.0.0.1:12345
2024-12-20 20:03:04,265 - INFO - Initializing database...
2024-12-20 20:03:04,286 - INFO - Tables 'users' and 'devices' created or verified.
2024-12-20 20:03:04,286 - INFO - Generated password: V6toN5rpdsTbw&TUteKsa^ds
2024-12-20 20:03:04,344 - INFO - Hashed password stored: $argon2id$v=19$m=65536,t=3,p=4$yxC+F/hAwbvgjWoz0ylZww$QsF/dE4ZykoqyiTXuuL5qzecSqrnc/qrtQiT1kqyle0
2024-12-20 20:03:04,350 - INFO - Default devices and users inserted.
2024-12-20 20:03:04,422 - INFO - Assigned credentials: Username: user2256, Password: aw^WCedjs4clsgrUssAosttp
2024-12-20 20:03:04,422 - INFO - Server running on 127.0.0.1:12345
2024-12-20 20:03:10,323 - INFO - New connection from ('127.0.0.1', 61000)
2024-12-20 20:03:19,470 - INFO - Received raw encrypted authentication message: b'BqoQub7z9eXBOymCFeFpChom2vh9ODvpwWcvk6AWrAYnPq30sDbFS3M+/LQEigDLpA9jd093ydHQmX0fSklWeg=='
2024-12-20 20:03:19,472 - INFO - Decrypted authentication message: AUTH user2256 aw^WCedjs4clsgrUssAosttp
2024-12-20 20:03:19,528 - ERROR - Client handling error: Cannot operate on a closed database.
2024-12-20 20:03:19,529 - INFO - Connection with ('127.0.0.1', 61000) closed.
2024-12-20 20:06:10,625 - INFO - Initializing database...
2024-12-20 20:06:10,626 - INFO - Tables 'users' and 'devices' created or verified.
2024-12-20 20:06:10,626 - INFO - Generated password: tKsaerdaMswsoioQYprp71tQ
2024-12-20 20:06:10,681 - INFO - Hashed password stored: $argon2id$v=19$m=65536,t=3,p=4$CsNn6IO2aWJGbbedYEY32w$efuPH9Isv2IID3Y9xmiMUg9VAkwUCD5PCRsA3zmiA5Y
2024-12-20 20:06:10,688 - INFO - Default devices and users inserted.
2024-12-20 20:06:10,749 - INFO - Assigned credentials: Username: user7162, Password: aeCNd$rfssnso!7NtwKeCpt2
2024-12-20 20:06:10,750 - INFO - Server running on 127.0.0.1:12345
2024-12-20 20:06:15,998 - INFO - New connection from ('127.0.0.1', 61079)
2024-12-20 20:06:25,389 - INFO - Received raw encrypted authentication message: b'+gDgu5egfVFNbuaklPAANGl4/JXaqqe8IvRU7DxggWh1gj2t9IXmVLK5YJGSFw5YHXN2x3sp3KXRaE64T8/Mhw=='
2024-12-20 20:06:25,391 - INFO - Decrypted authentication message: AUTH user7162 aeCNd$rfssnso!7NtwKeCpt2
2024-12-20 20:06:25,451 - ERROR - Client handling error: Cannot operate on a closed database.
2024-12-20 20:06:25,452 - INFO - Connection with ('127.0.0.1', 61079) closed.
2024-12-20 20:11:16,746 - INFO - Initializing database...
2024-12-20 20:11:16,747 - INFO - Tables 'users' and 'devices' created or verified.
2024-12-20 20:11:16,747 - INFO - Generated password: F(oswstacEdnve*rS)tQyPsp
2024-12-20 20:11:16,802 - INFO - Hashed password stored: $argon2id$v=19$m=65536,t=3,p=4$sgPZ7yABNEFQ00h90UGU6g$JL4hsvcvSt/gd+4jvJI5za4JwP7pViBZDGusBQxXGJs
2024-12-20 20:11:16,813 - INFO - Default devices and users inserted.
2024-12-20 20:11:16,875 - INFO - Assigned credentials: Username: user8612, Password: esnoptd8$rasdfHwm3etCasP
2024-12-20 20:11:16,875 - INFO - Server running on 127.0.0.1:12345
2024-12-20 20:11:21,730 - INFO - New connection from ('127.0.0.1', 61184)
2024-12-20 20:11:30,079 - INFO - Received raw encrypted authentication message: b'fD2PZjFfYU/+uJ6QUY1pAsAkUIvpvq5A+PL9UczlfHjyyOx2b7Zq8LU5Bmrx8eWkOhlcsXkMXgxb8rWvaqd+1g=='
2024-12-20 20:11:30,081 - INFO - Decrypted authentication message: AUTH user8612 esnoptd8$rasdfHwm3etCasP
2024-12-20 20:11:30,138 - ERROR - Client handling error: Cannot operate on a closed database.
2024-12-20 20:11:30,138 - INFO - Connection with ('127.0.0.1', 61184) closed.
2024-12-20 20:22:21,084 - INFO - Initializing database...
2024-12-20 20:22:21,085 - INFO - Tables 'users' and 'devices' created or verified.
2024-12-20 20:22:21,086 - INFO - Generated password: Bedr8t*Sc9t5s$sahb9wps*o
2024-12-20 20:22:21,148 - INFO - Hashed password stored: $argon2id$v=19$m=65536,t=3,p=4$E4lQSxjqRNUvqHEYGDl4SQ$gz72jbVKz3PyJf3mf+Bw/ZiewPkmDCkUJYgQBA6nVn8
2024-12-20 20:22:21,163 - INFO - Default devices and users inserted.
2024-12-20 20:22:21,235 - INFO - Assigned credentials: Username: user9567, Password: pCptXwqL1tosrJfpuad2sesN
2024-12-20 20:22:21,237 - INFO - Server running on 127.0.0.1:12345
2024-12-20 20:22:27,640 - INFO - New connection from ('127.0.0.1', 61501)
2024-12-20 20:22:36,259 - INFO - Received raw encrypted authentication message: b'mgQWAuAH1r0GihNEaePBBY+cEMP+brNopxHoZsbCoDZrGfwdsDg/YRm5bKn0nSH5Y9r4CTTZLAKwrsd4oqEuvQ=='
2024-12-20 20:22:36,261 - INFO - Decrypted authentication message: AUTH user9567 pCptXwqL1tosrJfpuad2sesN
2024-12-20 20:22:36,320 - ERROR - Client handling error: Cannot operate on a closed database.
2024-12-20 20:22:36,321 - INFO - Connection with ('127.0.0.1', 61501) closed.
2024-12-20 20:26:12,831 - INFO - Initializing database...
2024-12-20 20:26:12,832 - INFO - Tables 'users' and 'devices' created or verified.
2024-12-20 20:26:12,832 - INFO - Generated password: DpdsAekKavrs5BzrwZCttosO
2024-12-20 20:26:12,891 - INFO - Hashed password stored: $argon2id$v=19$m=65536,t=3,p=4$nTB90btj14Zt15kEhsLLcQ$m8dsoeoVpvGc9xd0mhrZiLhuqKbYKA4Dh6zOL5BLOo4
2024-12-20 20:26:12,901 - INFO - Default devices and users inserted.
2024-12-20 20:26:12,965 - INFO - Assigned credentials: Username: user8271, Password: wtPMsc2rbAusepet8d*an)so
2024-12-20 20:26:12,966 - INFO - Server running on 127.0.0.1:12345
2024-12-20 20:26:18,325 - INFO - New connection from ('127.0.0.1', 61567)
2024-12-20 20:26:38,611 - INFO - Received raw encrypted authentication message: b'dqpX0oXb1s83rE2Z1C6/V954PRUe7xZBukvMkmnpA4jwKxHwGxY/KkUYM0ZbHARmIGGPRmBx/WG869BlCEnUCA=='
2024-12-20 20:26:38,613 - INFO - Decrypted authentication message: AUTH user8271 wtPMsc2rbAusepet8d*an)so
2024-12-20 20:26:38,675 - ERROR - Client handling error: Cannot operate on a closed database.
2024-12-20 20:26:38,676 - INFO - Connection with ('127.0.0.1', 61567) closed.
2024-12-20 20:27:13,855 - INFO - Initializing database...
2024-12-20 20:27:13,856 - INFO - Tables 'users' and 'devices' created or verified.
2024-12-20 20:27:13,856 - INFO - Generated password: wsdOJxtas(6oertsp
2024-12-20 20:27:13,910 - INFO - Hashed password stored: $argon2id$v=19$m=65536,t=3,p=4$tGH148ZE0FJ//U9ResJIlA$j3hp+pje+g8c1s/We/pG3Rk5P4LnIo8WLJuBsWBinZQ
2024-12-20 20:27:13,921 - INFO - Default devices and users inserted.
2024-12-20 20:27:13,982 - INFO - Assigned credentials: Username: user6701, Password: pwe7as9ptrtdsdosH
2024-12-20 20:27:13,983 - INFO - Server running on 127.0.0.1:12345
2024-12-20 20:28:06,794 - INFO - Initializing database...
2024-12-20 20:28:06,795 - INFO - Tables 'users' and 'devices' created or verified.
2024-12-20 20:28:06,795 - INFO - Generated password: dep(tesaoewtRsmsr
2024-12-20 20:28:06,852 - INFO - Hashed password stored: $argon2id$v=19$m=65536,t=3,p=4$2Z1rCyEBz2K7PzMziOgZZA$wQXFPw/3pTorMKWvYVjeWnQFofwAeGk7uMo7qdpGUws
2024-12-20 20:28:06,862 - INFO - Default devices and users inserted.
2024-12-20 20:28:06,923 - INFO - Assigned credentials: Username: user4187, Password: Qesswd)o2trtaptAs
2024-12-20 20:28:06,925 - INFO - Server running on 127.0.0.1:12345
2024-12-20 21:32:26,649 - INFO - Initializing database...
2024-12-20 21:32:26,650 - INFO - Tables 'users' and 'devices' created or verified.
2024-12-20 21:32:26,650 - INFO - Generated password: erwdVssJpaSsoht*t
2024-12-20 21:32:26,712 - INFO - Hashed password stored: $argon2id$v=19$m=65536,t=3,p=4$GSYbhaqOC6kvGL2tJbmj4Q$WIxY04nDP4F6zG4F5oO+Kl3D43Hi5HyqRvX9jHyjtnc
2024-12-20 21:32:26,720 - INFO - Default devices and users inserted.
2024-12-20 21:32:26,791 - INFO - Assigned credentials: Username: user9201, Password: cptrowdtasae#assY
2024-12-20 21:32:26,792 - INFO - Server running on 127.0.0.1:12345
2024-12-20 21:32:32,574 - INFO - New connection from ('127.0.0.1', 51995)
2024-12-20 21:32:40,450 - INFO - Received raw encrypted authentication message: b'Grwuq9Nle4l4SHO3Wbg8z64pA+As0fmBIYRIzvzi1ouyiMbSpLoHv2c/8pZiYTLu'
2024-12-20 21:32:40,452 - INFO - Decrypted authentication message: AUTH user9201 cptrowdtasae#assY
2024-12-20 21:32:40,507 - ERROR - Client handling error: Cannot operate on a closed database.
2024-12-20 21:32:40,507 - INFO - Connection with ('127.0.0.1', 51995) closed.
2024-12-20 21:51:16,585 - INFO - Initializing database...
2024-12-20 21:51:16,586 - INFO - Tables 'users' and 'devices' created or verified.
2024-12-20 21:51:16,586 - INFO - Generated password: wobdssYprmtsetaDo
2024-12-20 21:51:16,641 - INFO - Hashed password stored: $argon2id$v=19$m=65536,t=3,p=4$ld6+/8zphFz5ihX+zmLtvA$iel4wlrJLfsT9peaFnyd63GDeL4m0AHvB8MMSW8o/Cs
2024-12-20 21:51:16,650 - INFO - Default devices and users inserted.
2024-12-20 21:59:27,136 - INFO - Initializing database...
2024-12-20 21:59:27,136 - INFO - Tables 'users' and 'devices' created or verified.
2024-12-20 21:59:27,137 - INFO - Generated password: <function generate_random_password at 0x000001f9c7fbed40>
2024-12-20 22:00:08,562 - INFO - Initializing database...
2024-12-20 22:00:08,563 - INFO - Tables 'users' and 'devices' created or verified.
2024-12-20 22:00:08,564 - INFO - Generated password: <function generate_random_password at 0x000001b2eb4ded40>
2024-12-20 22:00:15,005 - INFO - Initializing database...
2024-12-20 22:00:15,006 - INFO - Tables 'users' and 'devices' created or verified.
2024-12-20 22:00:15,006 - INFO - Generated password: <function generate_random_password at 0x000002326c9fed40>
2024-12-20 22:01:37,035 - INFO - Initializing database...
2024-12-20 22:01:37,036 - INFO - Tables 'users' and 'devices' created or verified.
2024-12-20 22:01:37,036 - INFO - Generated password: <function generate_random_password at 0x000001cba66ded40>
2024-12-20 22:03:03,228 - INFO - Initializing database...
2024-12-20 22:03:03,229 - INFO - Tables 'users' and 'devices' created or verified.
2024-12-20 22:03:03,229 - INFO - Generated password: <function generate_random_password at 0x00000191f4b82d40>
2024-12-20 22:03:35,380 - INFO - Initializing database...
2024-12-20 22:03:35,381 - INFO - Tables 'users' and 'devices' created or verified.
2024-12-20 22:03:35,382 - INFO - Generated password: e)xqZA%gwciB
2024-12-20 22:03:35,439 - INFO - Hashed password stored: $argon2id$v=19$m=65536,t=3,p=4$ocm+45gcwZxtp8nFbU0H/w$g+lqTdk85bqDiwdVyrqjFAf29PrgKVIK+0//46ELUIo
2024-12-20 22:03:35,500 - INFO - Default devices and users inserted.
2024-12-20 22:03:35,558 - INFO - Temporary credentials - Username: user4020, Password: qfXbS(Dw6YW2
2024-12-20 22:03:56,014 - ERROR - Error handling client: Cannot operate on a closed database.
2024-12-20 22:18:18,160 - INFO - Initializing database...
2024-12-20 22:18:18,163 - INFO - Schema already up-to-date or error: duplicate column name: speed
2024-12-20 22:18:18,164 - INFO - Tables 'users' and 'devices' created or verified.
2024-12-20 22:18:18,164 - INFO - Generated password: wr0ao2sdwsXgUp7e9yttHzsU
2024-12-20 22:18:18,218 - INFO - Hashed password: $argon2id$v=19$m=65536,t=3,p=4$QXWf5R3DQLk6JaeOmRJJjA$KseFeMnifQlpKK1VAKRxQ1UsYW/qDtcrelg9wZxyh6o
2024-12-20 22:18:18,226 - INFO - Default devices and users inserted.
2024-12-20 22:18:18,227 - INFO - Server is running on 127.0.0.1:12345
2024-12-20 22:18:34,225 - INFO - New connection from ('127.0.0.1', 53631)
2024-12-20 22:18:39,159 - INFO - Authentication attempt: AUTH testuser wr0ao2sdwsXgUp7e9yttHzsU
2024-12-20 22:18:39,160 - INFO - [DEBUG] Provided password: wr0ao2sdwsXgUp7e9yttHzsU
2024-12-20 22:18:39,161 - INFO - [DEBUG] Stored password for testuser: $argon2id$v=19$m=65536,t=3,p=4$ld6+/8zphFz5ihX+zmLtvA$iel4wlrJLfsT9peaFnyd63GDeL4m0AHvB8MMSW8o/Cs
2024-12-20 22:18:39,218 - WARNING - Password verification failed for testuser.
2024-12-20 22:18:39,218 - WARNING - User 'testuser' failed authentication.
2024-12-20 22:18:39,219 - INFO - Connection with ('127.0.0.1', 53631) closed.
2024-12-20 22:19:24,477 - INFO - Initializing database...
2024-12-20 22:19:24,478 - INFO - Schema already up-to-date or error: duplicate column name: speed
2024-12-20 22:19:24,479 - INFO - Tables 'users' and 'devices' created or verified.
2024-12-20 22:19:24,479 - INFO - Generated password: RtppaskrYQs*SsVJwJoYdet3
2024-12-20 22:19:24,536 - INFO - Hashed password: $argon2id$v=19$m=65536,t=3,p=4$McQ6ya1nmSzCw1I6cFJzBg$+s3kj50FlpMtCvaFemiN1XGKt1P/Mu7xlBgHM5fQyXs
2024-12-20 22:19:24,537 - INFO - Default devices and users inserted.
2024-12-20 22:19:24,538 - INFO - Server is running on 127.0.0.1:12345
2024-12-20 22:19:30,602 - INFO - New connection from ('127.0.0.1', 53655)
2024-12-20 22:19:35,110 - INFO - Authentication attempt: AUTH bob RtppaskrYQs*SsVJwJoYdet3
2024-12-20 22:19:35,111 - INFO - [DEBUG] Provided password: RtppaskrYQs*SsVJwJoYdet3
2024-12-20 22:19:35,112 - INFO - [DEBUG] Stored password for bob: $argon2id$v=19$m=65536,t=3,p=4$QXWf5R3DQLk6JaeOmRJJjA$KseFeMnifQlpKK1VAKRxQ1UsYW/qDtcrelg9wZxyh6o
2024-12-20 22:19:35,168 - WARNING - Password verification failed for bob.
2024-12-20 22:19:35,169 - WARNING - User 'bob' failed authentication.
2024-12-20 22:19:35,169 - INFO - Connection with ('127.0.0.1', 53655) closed.
2024-12-20 22:20:21,998 - INFO - Initializing database...
2024-12-20 22:20:22,000 - INFO - Schema already up-to-date or error: duplicate column name: speed
2024-12-20 22:20:22,000 - INFO - Tables 'users' and 'devices' created or verified.
2024-12-20 22:20:22,000 - INFO - Generated password: adp78Qosw9as1ttwrdepPg(s
2024-12-20 22:20:22,057 - INFO - Hashed password: $argon2id$v=19$m=65536,t=3,p=4$3ZYlNQJemtZoQMb3jhaLfQ$P/JPFuaVd6u/YRZdw5/R66nSnBfROvr/UORILOK6PTk
2024-12-20 22:20:22,058 - INFO - Default devices and users inserted.
2024-12-20 22:20:22,059 - INFO - Server is running on 127.0.0.1:12345
2024-12-20 22:20:37,085 - INFO - New connection from ('127.0.0.1', 53675)
2024-12-20 22:20:45,779 - INFO - Authentication attempt: AUTH adp78Qosw9as1ttwrdepPg(s adp78Qosw9as1ttwrdepPg(s
2024-12-20 22:20:45,780 - WARNING - User 'adp78Qosw9as1ttwrdepPg(s' failed authentication.
2024-12-20 22:20:45,781 - INFO - Connection with ('127.0.0.1', 53675) closed.
2024-12-20 22:20:52,029 - INFO - Initializing database...
2024-12-20 22:20:52,029 - INFO - Schema already up-to-date or error: duplicate column name: speed
2024-12-20 22:20:52,030 - INFO - Tables 'users' and 'devices' created or verified.
2024-12-20 22:20:52,030 - INFO - Generated password: tsaVwdeB%sVtmF!Esp4FpQor
2024-12-20 22:20:52,084 - INFO - Hashed password: $argon2id$v=19$m=65536,t=3,p=4$huIsw09/Pv22YLZUBX1ylA$8XxLsKBRJtnlcMAgIdCG9ll3V++ZrwCeYY7hT84v+no
2024-12-20 22:20:52,085 - INFO - Default devices and users inserted.
2024-12-20 22:20:52,085 - INFO - Server is running on 127.0.0.1:12345
2024-12-20 22:21:01,379 - INFO - New connection from ('127.0.0.1', 53688)
2024-12-20 22:21:05,959 - INFO - Authentication attempt: AUTH testuser tsaVwdeB%sVtmF!Esp4FpQor
2024-12-20 22:21:05,960 - INFO - [DEBUG] Provided password: tsaVwdeB%sVtmF!Esp4FpQor
2024-12-20 22:21:05,960 - INFO - [DEBUG] Stored password for testuser: $argon2id$v=19$m=65536,t=3,p=4$ld6+/8zphFz5ihX+zmLtvA$iel4wlrJLfsT9peaFnyd63GDeL4m0AHvB8MMSW8o/Cs
2024-12-20 22:21:06,018 - WARNING - Password verification failed for testuser.
2024-12-20 22:21:06,019 - WARNING - User 'testuser' failed authentication.
2024-12-20 22:21:06,019 - INFO - Connection with ('127.0.0.1', 53688) closed.
2024-12-20 22:34:55,276 - INFO - Initializing database...
2024-12-20 22:34:55,277 - INFO - Tables 'users' and 'devices' created or verified.
2024-12-20 22:34:55,278 - INFO - Generated password: qatosAsRtQsWdedp%ZrVGwtC
2024-12-20 22:34:55,342 - INFO - Default devices and users inserted.
2024-12-20 22:34:55,342 - INFO - Server is running on 127.0.0.1:12345
2024-12-20 22:35:54,966 - INFO - Initializing database...
2024-12-20 22:35:54,967 - INFO - Tables 'users' and 'devices' created or verified.
2024-12-20 22:35:54,967 - INFO - Generated password: 7pJ)l@(&28fa
2024-12-20 22:35:55,024 - INFO - Hashed password stored: $argon2id$v=19$m=65536,t=3,p=4$ldvsiBvXLZbbNYOe30CHlQ$zk7+8r9gz1fjOhsyfdrGXLHWvJGjp8MrNkEYeLDtxwc
2024-12-20 22:35:55,084 - INFO - Default devices and users inserted.
2024-12-20 22:35:55,149 - INFO - Temporary credentials - Username: user3371, Password: 5i9vv0F80zNb
2024-12-20 22:36:07,095 - INFO - Initializing database...
2024-12-20 22:36:07,096 - INFO - Tables 'users' and 'devices' created or verified.
2024-12-20 22:36:07,096 - INFO - Generated password: psCosXW@vjsir)tasDUw)tde
2024-12-20 22:36:07,166 - INFO - Default devices and users inserted.
2024-12-20 22:36:07,166 - INFO - Server is running on 127.0.0.1:12345
2024-12-20 22:36:19,875 - INFO - New connection from ('127.0.0.1', 54134)
2024-12-20 22:36:26,612 - INFO - Authentication attempt: AUTH testuser psCosXW@vjsir)tasDUw)tde
2024-12-20 22:36:26,668 - ERROR - Error handling client ('127.0.0.1', 54134): Cannot operate on a closed database.
2024-12-20 22:36:26,669 - INFO - Connection with ('127.0.0.1', 54134) closed.
